2017-07-01 14:18:10,337 INFO  [SoapUI] Adding [C:\Users\Osanda Deshan\IdeaProjects\MaxSoft-REST-API-Test-Automator\ext\mysql-connector-java-5.1.37.jar] to extensions classpath
2017-07-01 14:18:10,339 INFO  [SoapUI] Adding [C:\Users\Osanda Deshan\IdeaProjects\MaxSoft-REST-API-Test-Automator\ext\soapui-5.3.0.jar] to extensions classpath
2017-07-01 14:18:10,814 INFO  [DefaultSoapUICore] initialized soapui-settings from [C:\Users\Osanda Deshan\soapui-settings.xml]
2017-07-01 14:18:16,774 ERROR [TestAssertionRegistry] Missing assertion for type [JsonPath Match]
2017-07-01 14:18:16,774 ERROR [TestAssertionRegistry] Missing assertion for type [JsonPath Match]
2017-07-01 14:18:16,774 ERROR [TestAssertionRegistry] Missing assertion for type [JsonPath Match]
2017-07-01 14:18:17,140 ERROR [TestAssertionRegistry] Missing assertion for type [JsonPath Match]
2017-07-01 14:18:17,143 ERROR [TestAssertionRegistry] Missing assertion for type [JsonPath Match]
2017-07-01 14:18:17,294 INFO  [WsdlProject] Loaded project from [file:/C:/Users/Osanda%20Deshan/IdeaProjects/MaxSoft-REST-API-Test-Automator/resources/GoogleBooks.xml]
2017-07-01 14:18:17,304 INFO  [SoapUITestCaseRunner] Running SoapUI tests in project [REST Project 1]
2017-07-01 14:18:17,304 INFO  [SoapUITestCaseRunner] Running TestCase [Validate that the user picks the correct book TestCase]
2017-07-01 14:18:17,319 INFO  [SoapUITestCaseRunner] Running SoapUI testcase [Validate that the user picks the correct book TestCase]
2017-07-01 14:18:17,328 INFO  [SoapUITestCaseRunner] running step [User picks the "Code Complete" book]
2017-07-01 14:18:21,571 INFO  [SoapUITestCaseRunner] Assertion [Validate that HTTP Status Code is 200] has status VALID
2017-07-01 14:18:21,572 INFO  [SoapUITestCaseRunner] running step [Groovy Script]
2017-07-01 14:18:22,275 INFO  [log] Code Complete
2017-07-01 14:18:22,324 INFO  [SoapUITestCaseRunner] Finished running SoapUI testcase [Validate that the user picks the correct book TestCase], time taken: 4570ms, status: FINISHED
2017-07-01 14:18:22,324 INFO  [SoapUITestCaseRunner] TestCase [Validate that the user picks the correct book TestCase] finished with status [FINISHED] in 4570ms
2017-07-01 14:18:22,336 ERROR [TestAssertionRegistry] Missing assertion for type [JsonPath Match]
2017-07-01 14:18:22,336 ERROR [TestAssertionRegistry] Missing assertion for type [JsonPath Match]
2017-07-01 14:18:22,336 ERROR [TestAssertionRegistry] Missing assertion for type [JsonPath Match]
2017-07-01 14:18:22,339 ERROR [TestAssertionRegistry] Missing assertion for type [JsonPath Match]
2017-07-01 14:18:22,341 ERROR [TestAssertionRegistry] Missing assertion for type [JsonPath Match]
2017-07-01 14:18:22,345 INFO  [WsdlProject] Loaded project from [file:/C:/Users/Osanda%20Deshan/IdeaProjects/MaxSoft-REST-API-Test-Automator/resources/GoogleBooks.xml]
2017-07-01 14:18:22,353 ERROR [TestAssertionRegistry] Missing assertion for type [JsonPath Match]
2017-07-01 14:18:22,353 ERROR [TestAssertionRegistry] Missing assertion for type [JsonPath Match]
2017-07-01 14:18:22,354 ERROR [TestAssertionRegistry] Missing assertion for type [JsonPath Match]
2017-07-01 14:18:22,356 ERROR [TestAssertionRegistry] Missing assertion for type [JsonPath Match]
2017-07-01 14:18:22,358 ERROR [TestAssertionRegistry] Missing assertion for type [JsonPath Match]
2017-07-01 14:18:22,359 INFO  [WsdlProject] Loaded project from [file:/C:/Users/Osanda%20Deshan/IdeaProjects/MaxSoft-REST-API-Test-Automator/resources/GoogleBooks.xml]
2017-07-01 14:18:22,368 ERROR [TestAssertionRegistry] Missing assertion for type [JsonPath Match]
2017-07-01 14:18:22,368 ERROR [TestAssertionRegistry] Missing assertion for type [JsonPath Match]
2017-07-01 14:18:22,368 ERROR [TestAssertionRegistry] Missing assertion for type [JsonPath Match]
2017-07-01 14:18:22,370 ERROR [TestAssertionRegistry] Missing assertion for type [JsonPath Match]
2017-07-01 14:18:22,375 ERROR [TestAssertionRegistry] Missing assertion for type [JsonPath Match]
2017-07-01 14:18:22,377 INFO  [WsdlProject] Loaded project from [file:/C:/Users/Osanda%20Deshan/IdeaProjects/MaxSoft-REST-API-Test-Automator/resources/GoogleBooks.xml]
2017-07-01 14:18:22,882 INFO  [log] Code Complete
2017-07-01 14:18:22,920 ERROR [TestAssertionRegistry] Missing assertion for type [JsonPath Match]
2017-07-01 14:18:22,921 ERROR [TestAssertionRegistry] Missing assertion for type [JsonPath Match]
2017-07-01 14:18:22,921 ERROR [TestAssertionRegistry] Missing assertion for type [JsonPath Match]
2017-07-01 14:18:22,924 ERROR [TestAssertionRegistry] Missing assertion for type [JsonPath Match]
2017-07-01 14:18:22,925 ERROR [TestAssertionRegistry] Missing assertion for type [JsonPath Match]
2017-07-01 14:18:22,927 INFO  [WsdlProject] Loaded project from [file:/C:/Users/Osanda%20Deshan/IdeaProjects/MaxSoft-REST-API-Test-Automator/resources/GoogleBooks.xml]
2017-07-01 14:18:22,928 INFO  [SoapUITestCaseRunner] Running SoapUI tests in project [REST Project 1]
2017-07-01 14:18:22,928 INFO  [SoapUITestCaseRunner] Running TestCase [Validate that the user doesn't get any book for invalid isbn TestCase]
2017-07-01 14:18:22,928 INFO  [SoapUITestCaseRunner] Running SoapUI testcase [Validate that the user doesn't get any book for invalid isbn TestCase]
2017-07-01 14:18:22,928 INFO  [SoapUITestCaseRunner] running step [User provides an invalid isbn]
2017-07-01 14:18:23,364 INFO  [SoapUITestCaseRunner] Assertion [Validate that HTTP Status Code is 200] has status VALID
2017-07-01 14:18:23,364 INFO  [SoapUITestCaseRunner] Finished running SoapUI testcase [Validate that the user doesn't get any book for invalid isbn TestCase], time taken: 431ms, status: FINISHED
2017-07-01 14:18:23,364 INFO  [SoapUITestCaseRunner] TestCase [Validate that the user doesn't get any book for invalid isbn TestCase] finished with status [FINISHED] in 431ms
2017-07-01 14:18:23,373 ERROR [TestAssertionRegistry] Missing assertion for type [JsonPath Match]
2017-07-01 14:18:23,373 ERROR [TestAssertionRegistry] Missing assertion for type [JsonPath Match]
2017-07-01 14:18:23,373 ERROR [TestAssertionRegistry] Missing assertion for type [JsonPath Match]
2017-07-01 14:18:23,375 ERROR [TestAssertionRegistry] Missing assertion for type [JsonPath Match]
2017-07-01 14:18:23,376 ERROR [TestAssertionRegistry] Missing assertion for type [JsonPath Match]
2017-07-01 14:18:23,378 INFO  [WsdlProject] Loaded project from [file:/C:/Users/Osanda%20Deshan/IdeaProjects/MaxSoft-REST-API-Test-Automator/resources/GoogleBooks.xml]
2017-07-01 14:18:23,387 ERROR [TestAssertionRegistry] Missing assertion for type [JsonPath Match]
2017-07-01 14:18:23,387 ERROR [TestAssertionRegistry] Missing assertion for type [JsonPath Match]
2017-07-01 14:18:23,388 ERROR [TestAssertionRegistry] Missing assertion for type [JsonPath Match]
2017-07-01 14:18:23,390 ERROR [TestAssertionRegistry] Missing assertion for type [JsonPath Match]
2017-07-01 14:18:23,392 ERROR [TestAssertionRegistry] Missing assertion for type [JsonPath Match]
2017-07-01 14:18:23,393 INFO  [WsdlProject] Loaded project from [file:/C:/Users/Osanda%20Deshan/IdeaProjects/MaxSoft-REST-API-Test-Automator/resources/GoogleBooks.xml]
2017-07-01 14:18:23,400 ERROR [TestAssertionRegistry] Missing assertion for type [JsonPath Match]
2017-07-01 14:18:23,400 ERROR [TestAssertionRegistry] Missing assertion for type [JsonPath Match]
2017-07-01 14:18:23,400 ERROR [TestAssertionRegistry] Missing assertion for type [JsonPath Match]
2017-07-01 14:18:23,403 ERROR [TestAssertionRegistry] Missing assertion for type [JsonPath Match]
2017-07-01 14:18:23,404 ERROR [TestAssertionRegistry] Missing assertion for type [JsonPath Match]
2017-07-01 14:18:23,406 INFO  [WsdlProject] Loaded project from [file:/C:/Users/Osanda%20Deshan/IdeaProjects/MaxSoft-REST-API-Test-Automator/resources/GoogleBooks.xml]
2017-07-01 14:18:23,823 ERROR [TestAssertionRegistry] Missing assertion for type [JsonPath Match]
2017-07-01 14:18:23,823 ERROR [TestAssertionRegistry] Missing assertion for type [JsonPath Match]
2017-07-01 14:18:23,823 ERROR [TestAssertionRegistry] Missing assertion for type [JsonPath Match]
2017-07-01 14:18:23,825 ERROR [TestAssertionRegistry] Missing assertion for type [JsonPath Match]
2017-07-01 14:18:23,826 ERROR [TestAssertionRegistry] Missing assertion for type [JsonPath Match]
2017-07-01 14:18:23,827 INFO  [WsdlProject] Loaded project from [file:/C:/Users/Osanda%20Deshan/IdeaProjects/MaxSoft-REST-API-Test-Automator/resources/GoogleBooks.xml]
2017-07-01 14:18:23,828 INFO  [SoapUITestCaseRunner] Running SoapUI tests in project [REST Project 1]
2017-07-01 14:18:23,828 INFO  [SoapUITestCaseRunner] Running TestCase [Validate that the user gets an error for the null query TestCase]
2017-07-01 14:18:23,829 INFO  [SoapUITestCaseRunner] Running SoapUI testcase [Validate that the user gets an error for the null query TestCase]
2017-07-01 14:18:23,829 INFO  [SoapUITestCaseRunner] running step [User provides an invalid isbn]
2017-07-01 14:18:24,148 INFO  [SoapUITestCaseRunner] Assertion [Validate that HTTP Status Code is 200] has status VALID
2017-07-01 14:18:24,148 INFO  [SoapUITestCaseRunner] Assertion [Validate that the response contains null for the query] has status FAILED
2017-07-01 14:18:24,148 ERROR [SoapUITestCaseRunner] ASSERTION FAILED -> Missing token [null] in Response
2017-07-01 14:18:24,148 ERROR [SoapUITestCaseRunner] User provides an invalid isbn failed, exporting to [C:\Users\Osanda Deshan\IdeaProjects\MaxSoft-REST-API-Test-Automator\Books_TestSuite-Validate_that_the_user_gets_an_error_for_the_null_query_TestCase-User_provides_an_invalid_isbn-0-FAILED.txt]
2017-07-01 14:18:24,165 INFO  [SoapUITestCaseRunner] Finished running SoapUI testcase [Validate that the user gets an error for the null query TestCase], time taken: 301ms, status: FAILED
2017-07-01 14:18:24,165 INFO  [SoapUITestCaseRunner] TestCase [Validate that the user gets an error for the null query TestCase] finished with status [FAILED] in 301ms
2017-07-01 14:18:24,173 ERROR [TestAssertionRegistry] Missing assertion for type [JsonPath Match]
2017-07-01 14:18:24,174 ERROR [TestAssertionRegistry] Missing assertion for type [JsonPath Match]
2017-07-01 14:18:24,174 ERROR [TestAssertionRegistry] Missing assertion for type [JsonPath Match]
2017-07-01 14:18:24,175 ERROR [TestAssertionRegistry] Missing assertion for type [JsonPath Match]
2017-07-01 14:18:24,177 ERROR [TestAssertionRegistry] Missing assertion for type [JsonPath Match]
2017-07-01 14:18:24,180 INFO  [WsdlProject] Loaded project from [file:/C:/Users/Osanda%20Deshan/IdeaProjects/MaxSoft-REST-API-Test-Automator/resources/GoogleBooks.xml]
2017-07-01 14:18:24,221 ERROR [TestAssertionRegistry] Missing assertion for type [JsonPath Match]
2017-07-01 14:18:24,221 ERROR [TestAssertionRegistry] Missing assertion for type [JsonPath Match]
2017-07-01 14:18:24,221 ERROR [TestAssertionRegistry] Missing assertion for type [JsonPath Match]
2017-07-01 14:18:24,223 ERROR [TestAssertionRegistry] Missing assertion for type [JsonPath Match]
2017-07-01 14:18:24,224 ERROR [TestAssertionRegistry] Missing assertion for type [JsonPath Match]
2017-07-01 14:18:24,225 INFO  [WsdlProject] Loaded project from [file:/C:/Users/Osanda%20Deshan/IdeaProjects/MaxSoft-REST-API-Test-Automator/resources/GoogleBooks.xml]
2017-07-01 14:18:24,236 ERROR [TestAssertionRegistry] Missing assertion for type [JsonPath Match]
2017-07-01 14:18:24,236 ERROR [TestAssertionRegistry] Missing assertion for type [JsonPath Match]
2017-07-01 14:18:24,236 ERROR [TestAssertionRegistry] Missing assertion for type [JsonPath Match]
2017-07-01 14:18:24,238 ERROR [TestAssertionRegistry] Missing assertion for type [JsonPath Match]
2017-07-01 14:18:24,239 ERROR [TestAssertionRegistry] Missing assertion for type [JsonPath Match]
2017-07-01 14:18:24,241 INFO  [WsdlProject] Loaded project from [file:/C:/Users/Osanda%20Deshan/IdeaProjects/MaxSoft-REST-API-Test-Automator/resources/GoogleBooks.xml]
