19:00:58.447 Got a kill message. Killing runner.
20:28:27.873 Killing Gauge daemon. Parent process with pid 8956 has terminated.
h PID:4876 forcefully
19:21:45.043 Checking updates...
19:21:55.394 # LoginTestSuite Specification
19:21:55.399 ## Login Existing User With Correct Username Password
19:21:55.403 * Execute TestCase of "Login Existing User With Correct Username Password TestCase" in TestSuite of "LoginTestSuite"

19:22:05.949 
Failed Step: Execute TestCase of "Login Existing User With Correct Username Password TestCase" in TestSuite of "LoginTestSuite"
19:22:05.949 Specification: specs\LoginTestSuite Specification.spec:13
19:22:05.949 Error Message: java.lang.NullPointerException
19:22:05.949 Stacktrace: 
ExecuteSoapUIAnyTestCase.findTestStepsExecutionDetails(ExecuteSoapUIAnyTestCase.java:70)
ExecuteSoapUIAnyTestCase.executeSpecificTestCase(ExecuteSoapUIAnyTestCase.java:56)
sun.reflect.NativeMethodAccessorImpl.invoke0(Native Method)
sun.reflect.NativeMethodAccessorImpl.invoke(NativeMethodAccessorImpl.java:62)
sun.reflect.DelegatingMethodAccessorImpl.invoke(DelegatingMethodAccessorImpl.java:43)
java.lang.reflect.Method.invoke(Method.java:498)
com.thoughtworks.gauge.execution.MethodExecutor.execute(MethodExecutor.java:38)
com.thoughtworks.gauge.execution.StepExecutionStage.executeStepMethod(StepExecutionStage.java:130)
com.thoughtworks.gauge.execution.StepExecutionStage.executeStep(StepExecutionStage.java:86)
com.thoughtworks.gauge.execution.StepExecutionStage.execute(StepExecutionStage.java:67)
com.thoughtworks.gauge.execution.AbstractExecutionStage.executeNext(AbstractExecutionStage.java:24)
com.thoughtworks.gauge.execution.HookExecutionStage.execute(HookExecutionStage.java:43)
com.thoughtworks.gauge.execution.ExecutionPipeline.start(ExecutionPipeline.java:29)
com.thoughtworks.gauge.processor.ExecuteStepProcessor.process(ExecuteStepProcessor.java:39)
com.thoughtworks.gauge.connection.MessageDispatcher.dispatchMessages(MessageDispatcher.java:89)
com.thoughtworks.gauge.GaugeRuntime.dispatchMessages(GaugeRuntime.java:104)
com.thoughtworks.gauge.GaugeRuntime.access$100(GaugeRuntime.java:36)
com.thoughtworks.gauge.GaugeRuntime$2.run(GaugeRuntime.java:85)
java.lang.Thread.run(Thread.java:745)
19:22:06.966 Plugin [Html Report] with pid [5832] has exited
19:22:07.167 Specifications:	1 executed	0 passed	1 failed	0 skipped
19:22:07.167 Scenarios:	1 executed	0 passed	1 failed	0 skipped
19:22:07.167 
Total time taken: 11.329s
19:22:07.167 Updates are available. Run gauge --check-updates for more info.
19:27:09.748 Checking updates...
19:27:17.097 # LoginTestSuite Specification
19:27:17.100 ## Login Existing User With Correct Username Password
19:27:17.104 * Execute TestCase of "Login Existing User With Correct Username Password TestCase" in TestSuite of "LoginTestSuite"

19:29:32.408 
Failed Step: Execute TestCase of "Login Existing User With Correct Username Password TestCase" in TestSuite of "LoginTestSuite"
19:29:32.408 Specification: specs\LoginTestSuite Specification.spec:13
19:29:32.408 Error Message: java.lang.AssertionError: TestCase execution result is 'FAIL'
19:29:32.408 Stacktrace: 
org.junit.Assert.fail(Assert.java:88)
org.junit.Assert.assertTrue(Assert.java:41)
ExecuteSoapUIAnyTestCase.executeSpecificTestCase(ExecuteSoapUIAnyTestCase.java:57)
sun.reflect.NativeMethodAccessorImpl.invoke0(Native Method)
sun.reflect.NativeMethodAccessorImpl.invoke(NativeMethodAccessorImpl.java:62)
sun.reflect.DelegatingMethodAccessorImpl.invoke(DelegatingMethodAccessorImpl.java:43)
java.lang.reflect.Method.invoke(Method.java:498)
com.thoughtworks.gauge.execution.MethodExecutor.execute(MethodExecutor.java:38)
com.thoughtworks.gauge.execution.StepExecutionStage.executeStepMethod(StepExecutionStage.java:130)
com.thoughtworks.gauge.execution.StepExecutionStage.executeStep(StepExecutionStage.java:86)
com.thoughtworks.gauge.execution.StepExecutionStage.execute(StepExecutionStage.java:67)
com.thoughtworks.gauge.execution.AbstractExecutionStage.executeNext(AbstractExecutionStage.java:24)
com.thoughtworks.gauge.execution.HookExecutionStage.execute(HookExecutionStage.java:43)
com.thoughtworks.gauge.execution.ExecutionPipeline.start(ExecutionPipeline.java:29)
com.thoughtworks.gauge.processor.ExecuteStepProcessor.process(ExecuteStepProcessor.java:39)
com.thoughtworks.gauge.connection.MessageDispatcher.dispatchMessages(MessageDispatcher.java:89)
com.thoughtworks.gauge.GaugeRuntime.dispatchMessages(GaugeRuntime.java:104)
com.thoughtworks.gauge.GaugeRuntime.access$100(GaugeRuntime.java:36)
com.thoughtworks.gauge.GaugeRuntime$2.run(GaugeRuntime.java:85)
java.lang.Thread.run(Thread.java:745)
19:29:32.622 Plugin [Html Report] with pid [9076] has exited
19:29:32.923 Specifications:	1 executed	0 passed	1 failed	0 skipped
19:29:32.923 Scenarios:	1 executed	0 passed	1 failed	0 skipped
19:29:32.923 
Total time taken: 2m15.373s
19:29:32.923 Updates are available. Run gauge --check-updates for more info.
19:35:20.712 Checking updates...
19:35:28.367 # LoginTestSuite Specification
19:35:28.372 ## Login Existing User With Correct Username Password
19:35:28.376 * Execute TestCase of "Login Existing User With Correct Username Password TestCase" in TestSuite of "LoginTestSuite"

19:37:43.965 
Failed Step: Execute TestCase of "Login Existing User With Correct Username Password TestCase" in TestSuite of "LoginTestSuite"
19:37:43.965 Specification: specs\LoginTestSuite Specification.spec:13
19:37:43.965 Error Message: java.lang.AssertionError: TestCase execution result is 'FAIL'
19:37:43.965 Stacktrace: 
org.junit.Assert.fail(Assert.java:88)
org.junit.Assert.assertTrue(Assert.java:41)
ExecuteSoapUIAnyTestCase.executeSpecificTestCase(ExecuteSoapUIAnyTestCase.java:57)
sun.reflect.NativeMethodAccessorImpl.invoke0(Native Method)
sun.reflect.NativeMethodAccessorImpl.invoke(NativeMethodAccessorImpl.java:62)
sun.reflect.DelegatingMethodAccessorImpl.invoke(DelegatingMethodAccessorImpl.java:43)
java.lang.reflect.Method.invoke(Method.java:498)
com.thoughtworks.gauge.execution.MethodExecutor.execute(MethodExecutor.java:38)
com.thoughtworks.gauge.execution.StepExecutionStage.executeStepMethod(StepExecutionStage.java:130)
com.thoughtworks.gauge.execution.StepExecutionStage.executeStep(StepExecutionStage.java:86)
com.thoughtworks.gauge.execution.StepExecutionStage.execute(StepExecutionStage.java:67)
com.thoughtworks.gauge.execution.AbstractExecutionStage.executeNext(AbstractExecutionStage.java:24)
com.thoughtworks.gauge.execution.HookExecutionStage.execute(HookExecutionStage.java:43)
com.thoughtworks.gauge.execution.ExecutionPipeline.start(ExecutionPipeline.java:29)
com.thoughtworks.gauge.processor.ExecuteStepProcessor.process(ExecuteStepProcessor.java:39)
com.thoughtworks.gauge.connection.MessageDispatcher.dispatchMessages(MessageDispatcher.java:89)
com.thoughtworks.gauge.GaugeRuntime.dispatchMessages(GaugeRuntime.java:104)
com.thoughtworks.gauge.GaugeRuntime.access$100(GaugeRuntime.java:36)
com.thoughtworks.gauge.GaugeRuntime$2.run(GaugeRuntime.java:85)
java.lang.Thread.run(Thread.java:745)
19:37:44.175 Plugin [Html Report] with pid [6364] has exited
19:37:44.475 Specifications:	1 executed	0 passed	1 failed	0 skipped
19:37:44.475 Scenarios:	1 executed	0 passed	1 failed	0 skipped
19:37:44.475 
Total time taken: 2m15.658s
19:37:44.475 Updates are available. Run gauge --check-updates for more info.
19:44:49.263 Checking updates...
19:44:57.979 # LoginTestSuite Specification
19:44:57.984 ## Login Existing User With Correct Username Password
19:44:57.988 * Execute TestCase of "Login Existing User With Correct Username Password TestCase" in TestSuite of "LoginTestSuite"

19:47:12.839 
Failed Step: Execute TestCase of "Login Existing User With Correct Username Password TestCase" in TestSuite of "LoginTestSuite"
19:47:12.839 Specification: specs\LoginTestSuite Specification.spec:13
19:47:12.839 Error Message: java.lang.AssertionError: TestCase execution result is 'FAIL'
19:47:12.839 Stacktrace: 
org.junit.Assert.fail(Assert.java:88)
org.junit.Assert.assertTrue(Assert.java:41)
ExecuteSoapUIAnyTestCase.executeSpecificTestCase(ExecuteSoapUIAnyTestCase.java:57)
sun.reflect.NativeMethodAccessorImpl.invoke0(Native Method)
sun.reflect.NativeMethodAccessorImpl.invoke(NativeMethodAccessorImpl.java:62)
sun.reflect.DelegatingMethodAccessorImpl.invoke(DelegatingMethodAccessorImpl.java:43)
java.lang.reflect.Method.invoke(Method.java:498)
com.thoughtworks.gauge.execution.MethodExecutor.execute(MethodExecutor.java:38)
com.thoughtworks.gauge.execution.StepExecutionStage.executeStepMethod(StepExecutionStage.java:130)
com.thoughtworks.gauge.execution.StepExecutionStage.executeStep(StepExecutionStage.java:86)
com.thoughtworks.gauge.execution.StepExecutionStage.execute(StepExecutionStage.java:67)
com.thoughtworks.gauge.execution.AbstractExecutionStage.executeNext(AbstractExecutionStage.java:24)
com.thoughtworks.gauge.execution.HookExecutionStage.execute(HookExecutionStage.java:43)
com.thoughtworks.gauge.execution.ExecutionPipeline.start(ExecutionPipeline.java:29)
com.thoughtworks.gauge.processor.ExecuteStepProcessor.process(ExecuteStepProcessor.java:39)
com.thoughtworks.gauge.connection.MessageDispatcher.dispatchMessages(MessageDispatcher.java:89)
com.thoughtworks.gauge.GaugeRuntime.dispatchMessages(GaugeRuntime.java:104)
com.thoughtworks.gauge.GaugeRuntime.access$100(GaugeRuntime.java:36)
com.thoughtworks.gauge.GaugeRuntime$2.run(GaugeRuntime.java:85)
java.lang.Thread.run(Thread.java:745)
19:47:13.047 Plugin [Html Report] with pid [7940] has exited
19:47:13.348 Specifications:	1 executed	0 passed	1 failed	0 skipped
19:47:13.348 Scenarios:	1 executed	0 passed	1 failed	0 skipped
19:47:13.348 
Total time taken: 2m14.923s
19:47:13.348 Updates are available. Run gauge --check-updates for more info.
19:15:41.482 Checking updates...
19:15:59.643 # LoginTestSuite Specification
19:15:59.674 ## Login Existing User With Correct Username Password
19:15:59.691 * Execute TestCase of "Login Existing User With Correct Username Password TestCase" in TestSuite of "LoginTestSuite"

19:18:34.662 
Failed Step: Execute TestCase of "Login Existing User With Correct Username Password TestCase" in TestSuite of "LoginTestSuite"
19:18:34.662 Specification: specs\LoginTestSuite Specification.spec:13
19:18:34.662 Error Message: java.lang.AssertionError: TestCase execution result is 'FAIL'
19:18:34.662 Stacktrace: 
org.junit.Assert.fail(Assert.java:88)
org.junit.Assert.assertTrue(Assert.java:41)
ExecuteSoapUIAnyTestCase.executeSpecificTestCase(ExecuteSoapUIAnyTestCase.java:58)
sun.reflect.NativeMethodAccessorImpl.invoke0(Native Method)
sun.reflect.NativeMethodAccessorImpl.invoke(NativeMethodAccessorImpl.java:62)
sun.reflect.DelegatingMethodAccessorImpl.invoke(DelegatingMethodAccessorImpl.java:43)
java.lang.reflect.Method.invoke(Method.java:498)
com.thoughtworks.gauge.execution.MethodExecutor.execute(MethodExecutor.java:38)
com.thoughtworks.gauge.execution.StepExecutionStage.executeStepMethod(StepExecutionStage.java:130)
com.thoughtworks.gauge.execution.StepExecutionStage.executeStep(StepExecutionStage.java:86)
com.thoughtworks.gauge.execution.StepExecutionStage.execute(StepExecutionStage.java:67)
com.thoughtworks.gauge.execution.AbstractExecutionStage.executeNext(AbstractExecutionStage.java:24)
com.thoughtworks.gauge.execution.HookExecutionStage.execute(HookExecutionStage.java:43)
com.thoughtworks.gauge.execution.ExecutionPipeline.start(ExecutionPipeline.java:29)
com.thoughtworks.gauge.processor.ExecuteStepProcessor.process(ExecuteStepProcessor.java:39)
com.thoughtworks.gauge.connection.MessageDispatcher.dispatchMessages(MessageDispatcher.java:89)
com.thoughtworks.gauge.GaugeRuntime.dispatchMessages(GaugeRuntime.java:104)
com.thoughtworks.gauge.GaugeRuntime.access$100(GaugeRuntime.java:36)
com.thoughtworks.gauge.GaugeRuntime$2.run(GaugeRuntime.java:85)
java.lang.Thread.run(Thread.java:745)
19:18:35.485 Plugin [Html Report] with pid [5972] has exited
19:18:35.785 Specifications:	1 executed	0 passed	1 failed	0 skipped
19:18:35.785 Scenarios:	1 executed	0 passed	1 failed	0 skipped
19:18:35.803 
Total time taken: 2m35.349s
19:18:35.825 Updates are available. Run gauge --check-updates for more info.
21:47:58.748 Checking updates...
21:47:58.752 Failed to download csharp-install.json file: Get https://downloads.getgauge.io/plugin/csharp?l=java&p=csharp,html-report,java,ruby,xml-report&o=windows&a=amd64: dial tcp: lookup downloads.getgauge.io: getaddrinfow: No such host is known.
21:47:58.763 Failed to download html-report-install.json file: Get https://downloads.getgauge.io/plugin/html-report?l=java&p=csharp,html-report,java,ruby,xml-report&o=windows&a=amd64: dial tcp: lookup downloads.getgauge.io: getaddrinfow: No such host is known.
21:47:58.766 Failed to download java-install.json file: Get https://downloads.getgauge.io/plugin/java?l=java&p=csharp,html-report,java,ruby,xml-report&o=windows&a=amd64: dial tcp: lookup downloads.getgauge.io: getaddrinfow: No such host is known.
21:47:58.771 Failed to download ruby-install.json file: Get https://downloads.getgauge.io/plugin/ruby?l=java&p=csharp,html-report,java,ruby,xml-report&o=windows&a=amd64: dial tcp: lookup downloads.getgauge.io: getaddrinfow: No such host is known.
21:47:58.779 Failed to download xml-report-install.json file: Get https://downloads.getgauge.io/plugin/xml-report?l=java&p=csharp,html-report,java,ruby,xml-report&o=windows&a=amd64: dial tcp: lookup downloads.getgauge.io: getaddrinfow: No such host is known.
21:47:59.008 Runner connection error: Runner with pid 6396 quit unexpectedly(exit status 1).
21:47:59.008 Error while killing runner: invalid argument
21:47:59.008 Failed to start gauge API: Runner with pid 6396 quit unexpectedly(exit status 1).
21:48:46.517 Checking updates...
21:48:46.521 Failed to download csharp-install.json file: Get https://downloads.getgauge.io/plugin/csharp?l=java&p=csharp,html-report,java,ruby,xml-report&o=windows&a=amd64: dial tcp: lookup downloads.getgauge.io: getaddrinfow: No such host is known.
21:48:46.543 Failed to download html-report-install.json file: Get https://downloads.getgauge.io/plugin/html-report?l=java&p=csharp,html-report,java,ruby,xml-report&o=windows&a=amd64: dial tcp: lookup downloads.getgauge.io: getaddrinfow: No such host is known.
21:48:46.547 Failed to download java-install.json file: Get https://downloads.getgauge.io/plugin/java?l=java&p=csharp,html-report,java,ruby,xml-report&o=windows&a=amd64: dial tcp: lookup downloads.getgauge.io: getaddrinfow: No such host is known.
21:48:46.551 Failed to download ruby-install.json file: Get https://downloads.getgauge.io/plugin/ruby?l=java&p=csharp,html-report,java,ruby,xml-report&o=windows&a=amd64: dial tcp: lookup downloads.getgauge.io: getaddrinfow: No such host is known.
21:48:46.555 Failed to download xml-report-install.json file: Get https://downloads.getgauge.io/plugin/xml-report?l=java&p=csharp,html-report,java,ruby,xml-report&o=windows&a=amd64: dial tcp: lookup downloads.getgauge.io: getaddrinfow: No such host is known.
21:48:46.954 Runner connection error: Runner with pid 8828 quit unexpectedly(exit status 1).
21:48:46.954 Error while killing runner: invalid argument
21:48:46.954 Failed to start gauge API: Runner with pid 8828 quit unexpectedly(exit status 1).
21:49:17.503 Checking updates...
21:49:17.506 Failed to download csharp-install.json file: Get https://downloads.getgauge.io/plugin/csharp?l=java&p=csharp,html-report,java,ruby,xml-report&o=windows&a=amd64: dial tcp: lookup downloads.getgauge.io: getaddrinfow: No such host is known.
21:49:17.510 Failed to download html-report-install.json file: Get https://downloads.getgauge.io/plugin/html-report?l=java&p=csharp,html-report,java,ruby,xml-report&o=windows&a=amd64: dial tcp: lookup downloads.getgauge.io: getaddrinfow: No such host is known.
21:49:17.514 Failed to download java-install.json file: Get https://downloads.getgauge.io/plugin/java?l=java&p=csharp,html-report,java,ruby,xml-report&o=windows&a=amd64: dial tcp: lookup downloads.getgauge.io: getaddrinfow: No such host is known.
21:49:17.519 Failed to download ruby-install.json file: Get https://downloads.getgauge.io/plugin/ruby?l=java&p=csharp,html-report,java,ruby,xml-report&o=windows&a=amd64: dial tcp: lookup downloads.getgauge.io: getaddrinfow: No such host is known.
21:49:17.523 Failed to download xml-report-install.json file: Get https://downloads.getgauge.io/plugin/xml-report?l=java&p=csharp,html-report,java,ruby,xml-report&o=windows&a=amd64: dial tcp: lookup downloads.getgauge.io: getaddrinfow: No such host is known.
21:49:26.696 # LoginTestSuite Specification
21:49:26.701 ## Login Existing User With Correct Username Password
21:49:26.705 * Execute TestCase of "Login Existing User With Correct Username Password TestCase" in TestSuite of "LoginTestSuite"

21:49:32.195 
Failed Step: Execute TestCase of "Login Existing User With Correct Username Password TestCase" in TestSuite of "LoginTestSuite"
21:49:32.195 Specification: specs\LoginTestSuite Specification.spec:13
21:49:32.195 Error Message: java.lang.AssertionError: TestCase execution result is 'FAIL'
21:49:32.195 Stacktrace: 
org.junit.Assert.fail(Assert.java:88)
org.junit.Assert.assertTrue(Assert.java:41)
ExecuteSoapUIAnyTestCase.executeSpecificTestCase(ExecuteSoapUIAnyTestCase.java:58)
sun.reflect.NativeMethodAccessorImpl.invoke0(Native Method)
sun.reflect.NativeMethodAccessorImpl.invoke(NativeMethodAccessorImpl.java:62)
sun.reflect.DelegatingMethodAccessorImpl.invoke(DelegatingMethodAccessorImpl.java:43)
java.lang.reflect.Method.invoke(Method.java:498)
com.thoughtworks.gauge.execution.MethodExecutor.execute(MethodExecutor.java:38)
com.thoughtworks.gauge.execution.StepExecutionStage.executeStepMethod(StepExecutionStage.java:130)
com.thoughtworks.gauge.execution.StepExecutionStage.executeStep(StepExecutionStage.java:86)
com.thoughtworks.gauge.execution.StepExecutionStage.execute(StepExecutionStage.java:67)
com.thoughtworks.gauge.execution.AbstractExecutionStage.executeNext(AbstractExecutionStage.java:24)
com.thoughtworks.gauge.execution.HookExecutionStage.execute(HookExecutionStage.java:43)
com.thoughtworks.gauge.execution.ExecutionPipeline.start(ExecutionPipeline.java:29)
com.thoughtworks.gauge.processor.ExecuteStepProcessor.process(ExecuteStepProcessor.java:39)
com.thoughtworks.gauge.connection.MessageDispatcher.dispatchMessages(MessageDispatcher.java:89)
com.thoughtworks.gauge.GaugeRuntime.dispatchMessages(GaugeRuntime.java:104)
com.thoughtworks.gauge.GaugeRuntime.access$100(GaugeRuntime.java:36)
com.thoughtworks.gauge.GaugeRuntime$2.run(GaugeRuntime.java:85)
java.lang.Thread.run(Thread.java:745)
21:49:32.810 Plugin [Html Report] with pid [3596] has exited
21:49:33.310 Specifications:	1 executed	0 passed	1 failed	0 skipped
21:49:33.310 Scenarios:	1 executed	0 passed	1 failed	0 skipped
21:49:33.317 
Total time taken: 5.585s
19:01:35.884 Got a kill message. Killing runner.
19:01:39.916 Killing runner with PID:3572 forcefully
09:04:23.461 Got a kill message. Killing runner.
09:04:27.912 Killing runner with PID:8460 forcefully
09:58:53.457 Checking updates...
09:59:00.310 [ValidationError] C:\Users\Osanda Deshan\IdeaProjects\APITesting\specs\GoogleBooks.spec:17 Step implementation not found => 'Execute <testcase> of <testsuite>'
09:59:01.113 Plugin [Html Report] with pid [7848] has exited
09:59:01.313 Specifications:	0 executed	0 passed	0 failed	1 skipped
09:59:01.313 Scenarios:	0 executed	0 passed	0 failed	3 skipped
09:59:01.313 
Total time taken: 401ms
09:59:01.325 Updates are available. Run gauge --check-updates for more info.
10:00:37.781 Checking updates...
10:00:45.303 # GoogleBooks Specification
10:00:45.319 
     |TestCase                                              |TestSuite      |
     |------------------------------------------------------|---------------|
     |Validate that the user picks the correct book TestCase|Books TestSuite|
10:00:45.319 ## GoogleBooks Scenario
10:00:45.319 * Execute <TestCase> of <TestSuite>
10:00:55.375 
     |TestCase                                                             |TestSuite      |
     |---------------------------------------------------------------------|---------------|
     |Validate that the user doesn't get any book for invalid isbn TestCase|Books TestSuite|
10:00:55.375 ## GoogleBooks Scenario
10:00:55.376 * Execute <TestCase> of <TestSuite>
10:00:56.204 
     |TestCase                                                        |TestSuite      |
     |----------------------------------------------------------------|---------------|
     |Validate that the user gets an error for the null query TestCase|Books TestSuite|
10:00:56.204 ## GoogleBooks Scenario
10:00:56.208 * Execute <TestCase> of <TestSuite>
10:00:57.257 
Failed Step: Execute <TestCase> of <TestSuite>
10:00:57.257 Specification: specs\GoogleBooks.spec:17
10:00:57.257 Error Message: java.lang.AssertionError: TestCase execution result is 'FAIL'
10:00:57.258 Stacktrace: 
org.junit.Assert.fail(Assert.java:88)
org.junit.Assert.assertTrue(Assert.java:41)
ExecuteSoapUIAnyTestCase.executeSpecificTestCase(ExecuteSoapUIAnyTestCase.java:58)
sun.reflect.NativeMethodAccessorImpl.invoke0(Native Method)
sun.reflect.NativeMethodAccessorImpl.invoke(NativeMethodAccessorImpl.java:62)
sun.reflect.DelegatingMethodAccessorImpl.invoke(DelegatingMethodAccessorImpl.java:43)
java.lang.reflect.Method.invoke(Method.java:498)
com.thoughtworks.gauge.execution.MethodExecutor.execute(MethodExecutor.java:38)
com.thoughtworks.gauge.execution.StepExecutionStage.executeStepMethod(StepExecutionStage.java:130)
com.thoughtworks.gauge.execution.StepExecutionStage.executeStep(StepExecutionStage.java:86)
com.thoughtworks.gauge.execution.StepExecutionStage.execute(StepExecutionStage.java:67)
com.thoughtworks.gauge.execution.AbstractExecutionStage.executeNext(AbstractExecutionStage.java:24)
com.thoughtworks.gauge.execution.HookExecutionStage.execute(HookExecutionStage.java:43)
com.thoughtworks.gauge.execution.ExecutionPipeline.start(ExecutionPipeline.java:29)
com.thoughtworks.gauge.processor.ExecuteStepProcessor.process(ExecuteStepProcessor.java:39)
com.thoughtworks.gauge.connection.MessageDispatcher.dispatchMessages(MessageDispatcher.java:89)
com.thoughtworks.gauge.GaugeRuntime.dispatchMessages(GaugeRuntime.java:104)
com.thoughtworks.gauge.GaugeRuntime.access$100(GaugeRuntime.java:36)
com.thoughtworks.gauge.GaugeRuntime$2.run(GaugeRuntime.java:85)
java.lang.Thread.run(Thread.java:745)
10:00:57.465 Plugin [Html Report] with pid [9188] has exited
10:00:57.767 Specifications:	1 executed	0 passed	1 failed	0 skipped
10:00:57.767 Scenarios:	1 executed	0 passed	1 failed	0 skipped
10:00:57.767 
Total time taken: 12.025s
10:00:57.767 Updates are available. Run gauge --check-updates for more info.
10:08:58.865 Checking updates...
10:09:07.016 # GoogleBooks Specification
10:09:07.021 
     |TestCase                                              |TestSuite      |
     |------------------------------------------------------|---------------|
     |Validate that the user picks the correct book TestCase|Books TestSuite|
10:09:07.021 ## GoogleBooks Scenario
10:09:07.025 * Execute <TestCase> of <TestSuite>
10:09:12.968 
     |TestCase                                                             |TestSuite      |
     |---------------------------------------------------------------------|---------------|
     |Validate that the user doesn't get any book for invalid isbn TestCase|Books TestSuite|
10:09:12.968 ## GoogleBooks Scenario
10:09:12.970 * Execute <TestCase> of <TestSuite>
10:09:13.733 
     |TestCase                                                        |TestSuite      |
     |----------------------------------------------------------------|---------------|
     |Validate that the user gets an error for the null query TestCase|Books TestSuite|
10:09:13.734 ## GoogleBooks Scenario
10:09:13.740 * Execute <TestCase> of <TestSuite>
10:09:14.690 
Failed Step: Execute <TestCase> of <TestSuite>
10:09:14.690 Specification: specs\GoogleBooks.spec:19
10:09:14.690 Error Message: java.lang.AssertionError: TestCase execution result is 'FAIL'
10:09:14.690 Stacktrace: 
org.junit.Assert.fail(Assert.java:88)
org.junit.Assert.assertTrue(Assert.java:41)
ExecuteSoapUIAnyTestCase.executeSpecificTestCase(ExecuteSoapUIAnyTestCase.java:58)
sun.reflect.NativeMethodAccessorImpl.invoke0(Native Method)
sun.reflect.NativeMethodAccessorImpl.invoke(NativeMethodAccessorImpl.java:62)
sun.reflect.DelegatingMethodAccessorImpl.invoke(DelegatingMethodAccessorImpl.java:43)
java.lang.reflect.Method.invoke(Method.java:498)
com.thoughtworks.gauge.execution.MethodExecutor.execute(MethodExecutor.java:38)
com.thoughtworks.gauge.execution.StepExecutionStage.executeStepMethod(StepExecutionStage.java:130)
com.thoughtworks.gauge.execution.StepExecutionStage.executeStep(StepExecutionStage.java:86)
com.thoughtworks.gauge.execution.StepExecutionStage.execute(StepExecutionStage.java:67)
com.thoughtworks.gauge.execution.AbstractExecutionStage.executeNext(AbstractExecutionStage.java:24)
com.thoughtworks.gauge.execution.HookExecutionStage.execute(HookExecutionStage.java:43)
com.thoughtworks.gauge.execution.ExecutionPipeline.start(ExecutionPipeline.java:29)
com.thoughtworks.gauge.processor.ExecuteStepProcessor.process(ExecuteStepProcessor.java:39)
com.thoughtworks.gauge.connection.MessageDispatcher.dispatchMessages(MessageDispatcher.java:89)
com.thoughtworks.gauge.GaugeRuntime.dispatchMessages(GaugeRuntime.java:104)
com.thoughtworks.gauge.GaugeRuntime.access$100(GaugeRuntime.java:36)
com.thoughtworks.gauge.GaugeRuntime$2.run(GaugeRuntime.java:85)
java.lang.Thread.run(Thread.java:745)
10:09:15.084 Plugin [Html Report] with pid [8168] has exited
10:09:15.384 Specifications:	1 executed	0 passed	1 failed	0 skipped
10:09:15.384 Scenarios:	1 executed	0 passed	1 failed	0 skipped
10:09:15.384 
Total time taken: 7.736s
10:09:15.384 Updates are available. Run gauge --check-updates for more info.
10:43:23.487 Checking updates...
10:43:31.233 # GoogleBooks Specification
10:43:31.237 
     |TestCase                                              |TestSuite      |
     |------------------------------------------------------|---------------|
     |Validate that the user picks the correct book TestCase|Books TestSuite|
10:43:31.237 ## GoogleBooks Scenario
10:43:31.241 * Execute <TestCase> of <TestSuite>
10:43:37.242 
     |TestCase                                                             |TestSuite      |
     |---------------------------------------------------------------------|---------------|
     |Validate that the user doesn't get any book for invalid isbn TestCase|Books TestSuite|
10:43:37.243 ## GoogleBooks Scenario
10:43:37.244 * Execute <TestCase> of <TestSuite>
10:43:38.033 
     |TestCase                                                        |TestSuite      |
     |----------------------------------------------------------------|---------------|
     |Validate that the user gets an error for the null query TestCase|Books TestSuite|
10:43:38.033 ## GoogleBooks Scenario
10:43:38.038 * Execute <TestCase> of <TestSuite>
10:43:38.983 
Failed Step: Execute <TestCase> of <TestSuite>
10:43:38.983 Specification: specs\GoogleBooks.spec:19
10:43:38.984 Error Message: java.lang.AssertionError: TestCase execution result is 'FAIL'
10:43:38.984 Stacktrace: 
org.junit.Assert.fail(Assert.java:88)
org.junit.Assert.assertTrue(Assert.java:41)
ExecuteSoapUIAnyTestCase.executeSpecificTestCase(ExecuteSoapUIAnyTestCase.java:58)
sun.reflect.NativeMethodAccessorImpl.invoke0(Native Method)
sun.reflect.NativeMethodAccessorImpl.invoke(NativeMethodAccessorImpl.java:62)
sun.reflect.DelegatingMethodAccessorImpl.invoke(DelegatingMethodAccessorImpl.java:43)
java.lang.reflect.Method.invoke(Method.java:498)
com.thoughtworks.gauge.execution.MethodExecutor.execute(MethodExecutor.java:38)
com.thoughtworks.gauge.execution.StepExecutionStage.executeStepMethod(StepExecutionStage.java:130)
com.thoughtworks.gauge.execution.StepExecutionStage.executeStep(StepExecutionStage.java:86)
com.thoughtworks.gauge.execution.StepExecutionStage.execute(StepExecutionStage.java:67)
com.thoughtworks.gauge.execution.AbstractExecutionStage.executeNext(AbstractExecutionStage.java:24)
com.thoughtworks.gauge.execution.HookExecutionStage.execute(HookExecutionStage.java:43)
com.thoughtworks.gauge.execution.ExecutionPipeline.start(ExecutionPipeline.java:29)
com.thoughtworks.gauge.processor.ExecuteStepProcessor.process(ExecuteStepProcessor.java:39)
com.thoughtworks.gauge.connection.MessageDispatcher.dispatchMessages(MessageDispatcher.java:89)
com.thoughtworks.gauge.GaugeRuntime.dispatchMessages(GaugeRuntime.java:104)
com.thoughtworks.gauge.GaugeRuntime.access$100(GaugeRuntime.java:36)
com.thoughtworks.gauge.GaugeRuntime$2.run(GaugeRuntime.java:85)
java.lang.Thread.run(Thread.java:745)
10:43:39.150 Plugin [Html Report] with pid [8432] has exited
10:43:39.452 Specifications:	1 executed	0 passed	1 failed	0 skipped
10:43:39.452 Scenarios:	1 executed	0 passed	1 failed	0 skipped
10:43:39.452 
Total time taken: 7.807s
10:43:39.452 Updates are available. Run gauge --check-updates for more info.
12:06:49.532 Checking updates...
12:06:57.346 # GoogleBooks Specification
12:06:57.350 
     |TestCase                                              |TestSuite      |
     |------------------------------------------------------|---------------|
     |Validate that the user picks the correct book TestCase|Books TestSuite|
12:06:57.351 ## GoogleBooks Scenario
12:06:57.354 * Execute <TestCase> of <TestSuite>
12:07:06.525 
Failed Step: Execute <TestCase> of <TestSuite>
12:07:06.525 Specification: specs\GoogleBooks.spec:19
12:07:06.525 Error Message: java.lang.NoClassDefFoundError: com/jgoodies/forms/layout/CellConstraints
12:07:06.525 Stacktrace: 
com.eviware.soapui.impl.wsdl.teststeps.assertions.basic.SimpleContainsAssertion.<clinit>(SimpleContainsAssertion.java:75)
sun.reflect.NativeConstructorAccessorImpl.newInstance0(Native Method)
sun.reflect.NativeConstructorAccessorImpl.newInstance(NativeConstructorAccessorImpl.java:62)
sun.reflect.DelegatingConstructorAccessorImpl.newInstance(DelegatingConstructorAccessorImpl.java:45)
java.lang.reflect.Constructor.newInstance(Constructor.java:423)
com.eviware.soapui.impl.wsdl.teststeps.assertions.AbstractTestAssertionFactory.buildAssertion(AbstractTestAssertionFactory.java:106)
com.eviware.soapui.impl.wsdl.teststeps.assertions.TestAssertionRegistry.buildAssertion(TestAssertionRegistry.java:127)
com.eviware.soapui.impl.wsdl.support.assertions.AssertionsSupport.addWsdlAssertion(AssertionsSupport.java:62)
com.eviware.soapui.impl.wsdl.support.assertions.AssertionsSupport.<init>(AssertionsSupport.java:56)
com.eviware.soapui.impl.wsdl.teststeps.RestTestRequest.initAssertions(RestTestRequest.java:96)
com.eviware.soapui.impl.wsdl.teststeps.RestTestRequest.<init>(RestTestRequest.java:69)
com.eviware.soapui.impl.wsdl.teststeps.RestTestRequestStep.buildTestRequest(RestTestRequestStep.java:277)
com.eviware.soapui.impl.wsdl.teststeps.RestTestRequestStep.<init>(RestTestRequestStep.java:110)
com.eviware.soapui.impl.wsdl.teststeps.registry.RestRequestStepFactory.buildTestStep(RestRequestStepFactory.java:66)
com.eviware.soapui.impl.wsdl.testcase.WsdlTestCase.createTestStepFromConfig(WsdlTestCase.java:295)
com.eviware.soapui.impl.wsdl.testcase.WsdlTestCase.<init>(WsdlTestCase.java:120)
com.eviware.soapui.impl.wsdl.WsdlTestSuite.buildTestCase(WsdlTestSuite.java:107)
com.eviware.soapui.impl.wsdl.WsdlTestSuite.<init>(WsdlTestSuite.java:89)
com.eviware.soapui.impl.wsdl.WsdlProject.buildTestSuite(WsdlProject.java:438)
com.eviware.soapui.impl.wsdl.WsdlProject.loadProjectFromInputStream(WsdlProject.java:379)
com.eviware.soapui.impl.wsdl.WsdlProject.loadProject(WsdlProject.java:301)
com.eviware.soapui.impl.wsdl.WsdlProject.<init>(WsdlProject.java:220)
com.eviware.soapui.impl.wsdl.WsdlProjectFactory.createNew(WsdlProjectFactory.java:41)
com.eviware.soapui.impl.wsdl.WsdlProjectFactory.createNew(WsdlProjectFactory.java:28)
com.eviware.soapui.tools.SoapUITestCaseRunner.runRunner(SoapUITestCaseRunner.java:341)
com.eviware.soapui.tools.AbstractSoapUIRunner.run(AbstractSoapUIRunner.java:204)
ExecuteSoapUIAnyTestCase.executeSpecificTestCase(ExecuteSoapUIAnyTestCase.java:48)
sun.reflect.NativeMethodAccessorImpl.invoke0(Native Method)
sun.reflect.NativeMethodAccessorImpl.invoke(NativeMethodAccessorImpl.java:62)
sun.reflect.DelegatingMethodAccessorImpl.invoke(DelegatingMethodAccessorImpl.java:43)
java.lang.reflect.Method.invoke(Method.java:498)
com.thoughtworks.gauge.execution.MethodExecutor.execute(MethodExecutor.java:38)
com.thoughtworks.gauge.execution.StepExecutionStage.executeStepMethod(StepExecutionStage.java:130)
com.thoughtworks.gauge.execution.StepExecutionStage.executeStep(StepExecutionStage.java:86)
com.thoughtworks.gauge.execution.StepExecutionStage.execute(StepExecutionStage.java:67)
com.thoughtworks.gauge.execution.AbstractExecutionStage.executeNext(AbstractExecutionStage.java:24)
com.thoughtworks.gauge.execution.HookExecutionStage.execute(HookExecutionStage.java:43)
com.thoughtworks.gauge.execution.ExecutionPipeline.start(ExecutionPipeline.java:29)
com.thoughtworks.gauge.processor.ExecuteStepProcessor.process(ExecuteStepProcessor.java:39)
com.thoughtworks.gauge.connection.MessageDispatcher.dispatchMessages(MessageDispatcher.java:89)
com.thoughtworks.gauge.GaugeRuntime.dispatchMessages(GaugeRuntime.java:104)
com.thoughtworks.gauge.GaugeRuntime.access$100(GaugeRuntime.java:36)
com.thoughtworks.gauge.GaugeRuntime$2.run(GaugeRuntime.java:85)
java.lang.Thread.run(Thread.java:745)
12:07:06.529 
     |TestCase                                                             |TestSuite      |
     |---------------------------------------------------------------------|---------------|
     |Validate that the user doesn't get any book for invalid isbn TestCase|Books TestSuite|
12:07:06.529 ## GoogleBooks Scenario
12:07:06.530 * Execute <TestCase> of <TestSuite>
12:07:06.780 
Failed Step: Execute <TestCase> of <TestSuite>
12:07:06.780 Specification: specs\GoogleBooks.spec:19
12:07:06.780 Error Message: java.lang.NoClassDefFoundError: Could not initialize class com.eviware.soapui.impl.wsdl.teststeps.assertions.basic.SimpleContainsAssertion
12:07:06.780 Stacktrace: 
sun.reflect.NativeConstructorAccessorImpl.newInstance0(Native Method)
sun.reflect.NativeConstructorAccessorImpl.newInstance(NativeConstructorAccessorImpl.java:62)
sun.reflect.DelegatingConstructorAccessorImpl.newInstance(DelegatingConstructorAccessorImpl.java:45)
java.lang.reflect.Constructor.newInstance(Constructor.java:423)
com.eviware.soapui.impl.wsdl.teststeps.assertions.AbstractTestAssertionFactory.buildAssertion(AbstractTestAssertionFactory.java:106)
com.eviware.soapui.impl.wsdl.teststeps.assertions.TestAssertionRegistry.buildAssertion(TestAssertionRegistry.java:127)
com.eviware.soapui.impl.wsdl.support.assertions.AssertionsSupport.addWsdlAssertion(AssertionsSupport.java:62)
com.eviware.soapui.impl.wsdl.support.assertions.AssertionsSupport.<init>(AssertionsSupport.java:56)
com.eviware.soapui.impl.wsdl.teststeps.RestTestRequest.initAssertions(RestTestRequest.java:96)
com.eviware.soapui.impl.wsdl.teststeps.RestTestRequest.<init>(RestTestRequest.java:69)
com.eviware.soapui.impl.wsdl.teststeps.RestTestRequestStep.buildTestRequest(RestTestRequestStep.java:277)
com.eviware.soapui.impl.wsdl.teststeps.RestTestRequestStep.<init>(RestTestRequestStep.java:110)
com.eviware.soapui.impl.wsdl.teststeps.registry.RestRequestStepFactory.buildTestStep(RestRequestStepFactory.java:66)
com.eviware.soapui.impl.wsdl.testcase.WsdlTestCase.createTestStepFromConfig(WsdlTestCase.java:295)
com.eviware.soapui.impl.wsdl.testcase.WsdlTestCase.<init>(WsdlTestCase.java:120)
com.eviware.soapui.impl.wsdl.WsdlTestSuite.buildTestCase(WsdlTestSuite.java:107)
com.eviware.soapui.impl.wsdl.WsdlTestSuite.<init>(WsdlTestSuite.java:89)
com.eviware.soapui.impl.wsdl.WsdlProject.buildTestSuite(WsdlProject.java:438)
com.eviware.soapui.impl.wsdl.WsdlProject.loadProjectFromInputStream(WsdlProject.java:379)
com.eviware.soapui.impl.wsdl.WsdlProject.loadProject(WsdlProject.java:301)
com.eviware.soapui.impl.wsdl.WsdlProject.<init>(WsdlProject.java:220)
com.eviware.soapui.impl.wsdl.WsdlProjectFactory.createNew(WsdlProjectFactory.java:41)
com.eviware.soapui.impl.wsdl.WsdlProjectFactory.createNew(WsdlProjectFactory.java:28)
com.eviware.soapui.tools.SoapUITestCaseRunner.runRunner(SoapUITestCaseRunner.java:341)
com.eviware.soapui.tools.AbstractSoapUIRunner.run(AbstractSoapUIRunner.java:204)
ExecuteSoapUIAnyTestCase.executeSpecificTestCase(ExecuteSoapUIAnyTestCase.java:48)
sun.reflect.NativeMethodAccessorImpl.invoke0(Native Method)
sun.reflect.NativeMethodAccessorImpl.invoke(NativeMethodAccessorImpl.java:62)
sun.reflect.DelegatingMethodAccessorImpl.invoke(DelegatingMethodAccessorImpl.java:43)
java.lang.reflect.Method.invoke(Method.java:498)
com.thoughtworks.gauge.execution.MethodExecutor.execute(MethodExecutor.java:38)
com.thoughtworks.gauge.execution.StepExecutionStage.executeStepMethod(StepExecutionStage.java:130)
com.thoughtworks.gauge.execution.StepExecutionStage.executeStep(StepExecutionStage.java:86)
com.thoughtworks.gauge.execution.StepExecutionStage.execute(StepExecutionStage.java:67)
com.thoughtworks.gauge.execution.AbstractExecutionStage.executeNext(AbstractExecutionStage.java:24)
com.thoughtworks.gauge.execution.HookExecutionStage.execute(HookExecutionStage.java:43)
com.thoughtworks.gauge.execution.ExecutionPipeline.start(ExecutionPipeline.java:29)
com.thoughtworks.gauge.processor.ExecuteStepProcessor.process(ExecuteStepProcessor.java:39)
com.thoughtworks.gauge.connection.MessageDispatcher.dispatchMessages(MessageDispatcher.java:89)
com.thoughtworks.gauge.GaugeRuntime.dispatchMessages(GaugeRuntime.java:104)
com.thoughtworks.gauge.GaugeRuntime.access$100(GaugeRuntime.java:36)
com.thoughtworks.gauge.GaugeRuntime$2.run(GaugeRuntime.java:85)
java.lang.Thread.run(Thread.java:745)
12:07:06.795 
     |TestCase                                                        |TestSuite      |
     |----------------------------------------------------------------|---------------|
     |Validate that the user gets an error for the null query TestCase|Books TestSuite|
12:07:06.795 ## GoogleBooks Scenario
12:07:06.796 * Execute <TestCase> of <TestSuite>
12:07:07.048 
Failed Step: Execute <TestCase> of <TestSuite>
12:07:07.048 Specification: specs\GoogleBooks.spec:19
12:07:07.048 Error Message: java.lang.NoClassDefFoundError: Could not initialize class com.eviware.soapui.impl.wsdl.teststeps.assertions.basic.SimpleContainsAssertion
12:07:07.048 Stacktrace: 
sun.reflect.NativeConstructorAccessorImpl.newInstance0(Native Method)
sun.reflect.NativeConstructorAccessorImpl.newInstance(NativeConstructorAccessorImpl.java:62)
sun.reflect.DelegatingConstructorAccessorImpl.newInstance(DelegatingConstructorAccessorImpl.java:45)
java.lang.reflect.Constructor.newInstance(Constructor.java:423)
com.eviware.soapui.impl.wsdl.teststeps.assertions.AbstractTestAssertionFactory.buildAssertion(AbstractTestAssertionFactory.java:106)
com.eviware.soapui.impl.wsdl.teststeps.assertions.TestAssertionRegistry.buildAssertion(TestAssertionRegistry.java:127)
com.eviware.soapui.impl.wsdl.support.assertions.AssertionsSupport.addWsdlAssertion(AssertionsSupport.java:62)
com.eviware.soapui.impl.wsdl.support.assertions.AssertionsSupport.<init>(AssertionsSupport.java:56)
com.eviware.soapui.impl.wsdl.teststeps.RestTestRequest.initAssertions(RestTestRequest.java:96)
com.eviware.soapui.impl.wsdl.teststeps.RestTestRequest.<init>(RestTestRequest.java:69)
com.eviware.soapui.impl.wsdl.teststeps.RestTestRequestStep.buildTestRequest(RestTestRequestStep.java:277)
com.eviware.soapui.impl.wsdl.teststeps.RestTestRequestStep.<init>(RestTestRequestStep.java:110)
com.eviware.soapui.impl.wsdl.teststeps.registry.RestRequestStepFactory.buildTestStep(RestRequestStepFactory.java:66)
com.eviware.soapui.impl.wsdl.testcase.WsdlTestCase.createTestStepFromConfig(WsdlTestCase.java:295)
com.eviware.soapui.impl.wsdl.testcase.WsdlTestCase.<init>(WsdlTestCase.java:120)
com.eviware.soapui.impl.wsdl.WsdlTestSuite.buildTestCase(WsdlTestSuite.java:107)
com.eviware.soapui.impl.wsdl.WsdlTestSuite.<init>(WsdlTestSuite.java:89)
com.eviware.soapui.impl.wsdl.WsdlProject.buildTestSuite(WsdlProject.java:438)
com.eviware.soapui.impl.wsdl.WsdlProject.loadProjectFromInputStream(WsdlProject.java:379)
com.eviware.soapui.impl.wsdl.WsdlProject.loadProject(WsdlProject.java:301)
com.eviware.soapui.impl.wsdl.WsdlProject.<init>(WsdlProject.java:220)
com.eviware.soapui.impl.wsdl.WsdlProjectFactory.createNew(WsdlProjectFactory.java:41)
com.eviware.soapui.impl.wsdl.WsdlProjectFactory.createNew(WsdlProjectFactory.java:28)
com.eviware.soapui.tools.SoapUITestCaseRunner.runRunner(SoapUITestCaseRunner.java:341)
com.eviware.soapui.tools.AbstractSoapUIRunner.run(AbstractSoapUIRunner.java:204)
ExecuteSoapUIAnyTestCase.executeSpecificTestCase(ExecuteSoapUIAnyTestCase.java:48)
sun.reflect.NativeMethodAccessorImpl.invoke0(Native Method)
sun.reflect.NativeMethodAccessorImpl.invoke(NativeMethodAccessorImpl.java:62)
sun.reflect.DelegatingMethodAccessorImpl.invoke(DelegatingMethodAccessorImpl.java:43)
java.lang.reflect.Method.invoke(Method.java:498)
com.thoughtworks.gauge.execution.MethodExecutor.execute(MethodExecutor.java:38)
com.thoughtworks.gauge.execution.StepExecutionStage.executeStepMethod(StepExecutionStage.java:130)
com.thoughtworks.gauge.execution.StepExecutionStage.executeStep(StepExecutionStage.java:86)
com.thoughtworks.gauge.execution.StepExecutionStage.execute(StepExecutionStage.java:67)
com.thoughtworks.gauge.execution.AbstractExecutionStage.executeNext(AbstractExecutionStage.java:24)
com.thoughtworks.gauge.execution.HookExecutionStage.execute(HookExecutionStage.java:43)
com.thoughtworks.gauge.execution.ExecutionPipeline.start(ExecutionPipeline.java:29)
com.thoughtworks.gauge.processor.ExecuteStepProcessor.process(ExecuteStepProcessor.java:39)
com.thoughtworks.gauge.connection.MessageDispatcher.dispatchMessages(MessageDispatcher.java:89)
com.thoughtworks.gauge.GaugeRuntime.dispatchMessages(GaugeRuntime.java:104)
com.thoughtworks.gauge.GaugeRuntime.access$100(GaugeRuntime.java:36)
com.thoughtworks.gauge.GaugeRuntime$2.run(GaugeRuntime.java:85)
java.lang.Thread.run(Thread.java:745)
12:07:07.357 Plugin [Html Report] with pid [6072] has exited
12:07:07.758 Specifications:	1 executed	0 passed	1 failed	0 skipped
12:07:07.758 Scenarios:	1 executed	0 passed	1 failed	0 skipped
12:07:07.758 
Total time taken: 9.784s
12:07:07.758 Updates are available. Run gauge --check-updates for more info.
12:21:35.112 Checking updates...
12:21:42.721 # GoogleBooks Specification
12:21:42.725 
     |TestCase                                              |TestSuite      |
     |------------------------------------------------------|---------------|
     |Validate that the user picks the correct book TestCase|Books TestSuite|
12:21:42.725 ## GoogleBooks Scenario
12:21:42.729 * Execute <TestCase> of <TestSuite>
12:21:49.690 
     |TestCase                                                             |TestSuite      |
     |---------------------------------------------------------------------|---------------|
     |Validate that the user doesn't get any book for invalid isbn TestCase|Books TestSuite|
12:21:49.690 ## GoogleBooks Scenario
12:21:49.692 * Execute <TestCase> of <TestSuite>
12:21:50.592 Plugin [Html Report] with pid [7780] has exited
12:21:50.892 Specifications:	1 executed	1 passed	0 failed	0 skipped
12:21:50.892 Scenarios:	1 executed	1 passed	0 failed	0 skipped
12:21:50.892 
Total time taken: 7.825s
12:21:50.892 Updates are available. Run gauge --check-updates for more info.
12:23:29.914 Checking updates...
12:23:37.794 # GoogleBooks Specification
12:23:37.799 
     |TestCase                                              |TestSuite      |
     |------------------------------------------------------|---------------|
     |Validate that the user picks the correct book TestCase|Books TestSuite|
12:23:37.799 ## GoogleBooks Scenario
12:23:37.803 * Execute <TestCase> of <TestSuite>
12:23:44.108 
     |TestCase                                                             |TestSuite      |
     |---------------------------------------------------------------------|---------------|
     |Validate that the user doesn't get any book for invalid isbn TestCase|Books TestSuite|
12:23:44.108 ## GoogleBooks Scenario
12:23:44.110 * Execute <TestCase> of <TestSuite>
12:23:45.064 Plugin [Html Report] with pid [9152] has exited
12:23:45.364 Specifications:	1 executed	1 passed	0 failed	0 skipped
12:23:45.364 Scenarios:	1 executed	1 passed	0 failed	0 skipped
12:23:45.364 
Total time taken: 7.225s
12:23:45.364 Updates are available. Run gauge --check-updates for more info.
19:11:47.256 Checking updates...
19:11:55.582 # GoogleBooks Specification
19:11:55.593 
     |TestCase                                              |TestSuite      |
     |------------------------------------------------------|---------------|
     |Validate that the user picks the correct book TestCase|Books TestSuite|
19:11:55.594 ## GoogleBooks Scenario
19:11:55.598 * Execute <TestCase> of <TestSuite>
19:12:01.936 
     |TestCase                                                             |TestSuite      |
     |---------------------------------------------------------------------|---------------|
     |Validate that the user doesn't get any book for invalid isbn TestCase|Books TestSuite|
19:12:01.936 ## GoogleBooks Scenario
19:12:01.938 * Execute <TestCase> of <TestSuite>
19:12:03.193 Plugin [Html Report] with pid [10236] has exited
19:12:03.493 Specifications:	1 executed	1 passed	0 failed	0 skipped
19:12:03.493 Scenarios:	1 executed	1 passed	0 failed	0 skipped
19:12:03.493 
Total time taken: 7.642s
19:12:03.493 Updates are available. Run gauge --check-updates for more info.
19:13:13.046 Checking updates...
19:13:21.702 # GoogleBooks Specification
19:13:21.706 
     |TestCase                                              |TestSuite      |
     |------------------------------------------------------|---------------|
     |Validate that the user picks the correct book TestCase|Books TestSuite|
19:13:21.706 ## GoogleBooks Scenario
19:13:21.709 * Execute <TestCase> of <TestSuite>
19:13:27.832 
     |TestCase                                                             |TestSuite      |
     |---------------------------------------------------------------------|---------------|
     |Validate that the user doesn't get any book for invalid isbn TestCase|Books TestSuite|
19:13:27.832 ## GoogleBooks Scenario
19:13:27.834 * Execute <TestCase> of <TestSuite>
19:13:28.625 
     |TestCase                                                        |TestSuite      |
     |----------------------------------------------------------------|---------------|
     |Validate that the user gets an error for the null query TestCase|Books TestSuite|
19:13:28.625 ## GoogleBooks Scenario
19:13:28.626 * Execute <TestCase> of <TestSuite>
19:13:29.628 
Failed Step: Execute <TestCase> of <TestSuite>
19:13:29.628 Specification: specs\GoogleBooks.spec:19
19:13:29.628 Error Message: java.lang.AssertionError: TestCase execution result is 'FAIL'
19:13:29.628 Stacktrace: 
org.junit.Assert.fail(Assert.java:88)
org.junit.Assert.assertTrue(Assert.java:41)
ExecuteSoapUIAnyTestCase.executeSpecificTestCase(ExecuteSoapUIAnyTestCase.java:58)
sun.reflect.NativeMethodAccessorImpl.invoke0(Native Method)
sun.reflect.NativeMethodAccessorImpl.invoke(NativeMethodAccessorImpl.java:62)
sun.reflect.DelegatingMethodAccessorImpl.invoke(DelegatingMethodAccessorImpl.java:43)
java.lang.reflect.Method.invoke(Method.java:498)
com.thoughtworks.gauge.execution.MethodExecutor.execute(MethodExecutor.java:38)
com.thoughtworks.gauge.execution.StepExecutionStage.executeStepMethod(StepExecutionStage.java:130)
com.thoughtworks.gauge.execution.StepExecutionStage.executeStep(StepExecutionStage.java:86)
com.thoughtworks.gauge.execution.StepExecutionStage.execute(StepExecutionStage.java:67)
com.thoughtworks.gauge.execution.AbstractExecutionStage.executeNext(AbstractExecutionStage.java:24)
com.thoughtworks.gauge.execution.HookExecutionStage.execute(HookExecutionStage.java:43)
com.thoughtworks.gauge.execution.ExecutionPipeline.start(ExecutionPipeline.java:29)
com.thoughtworks.gauge.processor.ExecuteStepProcessor.process(ExecuteStepProcessor.java:39)
com.thoughtworks.gauge.connection.MessageDispatcher.dispatchMessages(MessageDispatcher.java:89)
com.thoughtworks.gauge.GaugeRuntime.dispatchMessages(GaugeRuntime.java:104)
com.thoughtworks.gauge.GaugeRuntime.access$100(GaugeRuntime.java:36)
com.thoughtworks.gauge.GaugeRuntime$2.run(GaugeRuntime.java:85)
java.lang.Thread.run(Thread.java:745)
19:13:29.839 Plugin [Html Report] with pid [10164] has exited
19:13:30.040 Specifications:	1 executed	0 passed	1 failed	0 skipped
19:13:30.040 Scenarios:	1 executed	0 passed	1 failed	0 skipped
19:13:30.040 
Total time taken: 7.991s
19:13:30.040 Updates are available. Run gauge --check-updates for more info.
19:25:42.308 Checking updates...
19:25:51.271 # GoogleBooks Specification
19:25:51.277 
     |TestCase                                              |TestSuite      |
     |------------------------------------------------------|---------------|
     |Validate that the user picks the correct book TestCase|Books TestSuite|
19:25:51.277 ## GoogleBooks Scenario
19:25:51.280 * Execute <TestCase> of <TestSuite>
19:25:57.868 
     |TestCase                                                             |TestSuite      |
     |---------------------------------------------------------------------|---------------|
     |Validate that the user doesn't get any book for invalid isbn TestCase|Books TestSuite|
19:25:57.868 ## GoogleBooks Scenario
19:25:57.870 * Execute <TestCase> of <TestSuite>
19:25:58.793 
     |TestCase                                                        |TestSuite      |
     |----------------------------------------------------------------|---------------|
     |Validate that the user gets an error for the null query TestCase|Books TestSuite|
19:25:58.793 ## GoogleBooks Scenario
19:25:58.796 * Execute <TestCase> of <TestSuite>
19:25:59.845 
Failed Step: Execute <TestCase> of <TestSuite>
19:25:59.845 Specification: specs\GoogleBooks.spec:19
19:25:59.845 Error Message: java.lang.AssertionError: TestCase execution result is 'FAIL'
19:25:59.845 Stacktrace: 
org.junit.Assert.fail(Assert.java:88)
org.junit.Assert.assertTrue(Assert.java:41)
ExecuteSoapUIAnyTestCase.executeSpecificTestCase(ExecuteSoapUIAnyTestCase.java:58)
sun.reflect.NativeMethodAccessorImpl.invoke0(Native Method)
sun.reflect.NativeMethodAccessorImpl.invoke(NativeMethodAccessorImpl.java:62)
sun.reflect.DelegatingMethodAccessorImpl.invoke(DelegatingMethodAccessorImpl.java:43)
java.lang.reflect.Method.invoke(Method.java:498)
com.thoughtworks.gauge.execution.MethodExecutor.execute(MethodExecutor.java:38)
com.thoughtworks.gauge.execution.StepExecutionStage.executeStepMethod(StepExecutionStage.java:130)
com.thoughtworks.gauge.execution.StepExecutionStage.executeStep(StepExecutionStage.java:86)
com.thoughtworks.gauge.execution.StepExecutionStage.execute(StepExecutionStage.java:67)
com.thoughtworks.gauge.execution.AbstractExecutionStage.executeNext(AbstractExecutionStage.java:24)
com.thoughtworks.gauge.execution.HookExecutionStage.execute(HookExecutionStage.java:43)
com.thoughtworks.gauge.execution.ExecutionPipeline.start(ExecutionPipeline.java:29)
com.thoughtworks.gauge.processor.ExecuteStepProcessor.process(ExecuteStepProcessor.java:39)
com.thoughtworks.gauge.connection.MessageDispatcher.dispatchMessages(MessageDispatcher.java:89)
com.thoughtworks.gauge.GaugeRuntime.dispatchMessages(GaugeRuntime.java:104)
com.thoughtworks.gauge.GaugeRuntime.access$100(GaugeRuntime.java:36)
com.thoughtworks.gauge.GaugeRuntime$2.run(GaugeRuntime.java:85)
java.lang.Thread.run(Thread.java:745)
19:26:00.058 Plugin [Html Report] with pid [1012] has exited
19:26:00.359 Specifications:	1 executed	0 passed	1 failed	0 skipped
19:26:00.359 Scenarios:	1 executed	0 passed	1 failed	0 skipped
19:26:00.359 
Total time taken: 8.803s
19:26:00.359 Updates are available. Run gauge --check-updates for more info.
19:28:06.328 Checking updates...
19:28:14.408 # GoogleBooks Specification
19:28:14.419 
     |TestCase                                              |TestSuite      |
     |------------------------------------------------------|---------------|
     |Validate that the user picks the correct book TestCase|Books TestSuite|
19:28:14.420 ## GoogleBooks Scenario
19:28:14.429 * Execute <TestCase> of <TestSuite>
19:28:21.027 
     |TestCase                                                             |TestSuite      |
     |---------------------------------------------------------------------|---------------|
     |Validate that the user doesn't get any book for invalid isbn TestCase|Books TestSuite|
19:28:21.027 ## GoogleBooks Scenario
19:28:21.028 * Execute <TestCase> of <TestSuite>
19:28:21.736 
     |TestCase                                                        |TestSuite      |
     |----------------------------------------------------------------|---------------|
     |Validate that the user gets an error for the null query TestCase|Books TestSuite|
19:28:21.736 ## GoogleBooks Scenario
19:28:21.738 * Execute <TestCase> of <TestSuite>
19:28:22.648 
Failed Step: Execute <TestCase> of <TestSuite>
19:28:22.648 Specification: specs\GoogleBooks.spec:19
19:28:22.648 Error Message: java.lang.AssertionError: TestCase execution result is 'FAIL'
19:28:22.648 Stacktrace: 
org.junit.Assert.fail(Assert.java:88)
org.junit.Assert.assertTrue(Assert.java:41)
ExecuteSoapUIAnyTestCase.executeSpecificTestCase(ExecuteSoapUIAnyTestCase.java:58)
sun.reflect.NativeMethodAccessorImpl.invoke0(Native Method)
sun.reflect.NativeMethodAccessorImpl.invoke(NativeMethodAccessorImpl.java:62)
sun.reflect.DelegatingMethodAccessorImpl.invoke(DelegatingMethodAccessorImpl.java:43)
java.lang.reflect.Method.invoke(Method.java:498)
com.thoughtworks.gauge.execution.MethodExecutor.execute(MethodExecutor.java:38)
com.thoughtworks.gauge.execution.StepExecutionStage.executeStepMethod(StepExecutionStage.java:130)
com.thoughtworks.gauge.execution.StepExecutionStage.executeStep(StepExecutionStage.java:86)
com.thoughtworks.gauge.execution.StepExecutionStage.execute(StepExecutionStage.java:67)
com.thoughtworks.gauge.execution.AbstractExecutionStage.executeNext(AbstractExecutionStage.java:24)
com.thoughtworks.gauge.execution.HookExecutionStage.execute(HookExecutionStage.java:43)
com.thoughtworks.gauge.execution.ExecutionPipeline.start(ExecutionPipeline.java:29)
com.thoughtworks.gauge.processor.ExecuteStepProcessor.process(ExecuteStepProcessor.java:39)
com.thoughtworks.gauge.connection.MessageDispatcher.dispatchMessages(MessageDispatcher.java:89)
com.thoughtworks.gauge.GaugeRuntime.dispatchMessages(GaugeRuntime.java:104)
com.thoughtworks.gauge.GaugeRuntime.access$100(GaugeRuntime.java:36)
com.thoughtworks.gauge.GaugeRuntime$2.run(GaugeRuntime.java:85)
java.lang.Thread.run(Thread.java:745)
19:28:22.870 Plugin [Html Report] with pid [10028] has exited
19:28:23.071 Specifications:	1 executed	0 passed	1 failed	0 skipped
19:28:23.071 Scenarios:	1 executed	0 passed	1 failed	0 skipped
19:28:23.071 
Total time taken: 8.443s
19:28:23.071 Updates are available. Run gauge --check-updates for more info.
19:31:25.813 Checking updates...
19:31:33.988 # GoogleBooks Specification
19:31:33.993 
     |TestCase                                              |TestSuite      |
     |------------------------------------------------------|---------------|
     |Validate that the user picks the correct book TestCase|Books TestSuite|
19:31:33.993 ## GoogleBooks Scenario
19:31:33.997 * Execute <TestCase> of <TestSuite>
19:31:40.222 
     |TestCase                                                             |TestSuite      |
     |---------------------------------------------------------------------|---------------|
     |Validate that the user doesn't get any book for invalid isbn TestCase|Books TestSuite|
19:31:40.222 ## GoogleBooks Scenario
19:31:40.223 * Execute <TestCase> of <TestSuite>
19:31:41.061 
     |TestCase                                                        |TestSuite      |
     |----------------------------------------------------------------|---------------|
     |Validate that the user gets an error for the null query TestCase|Books TestSuite|
19:31:41.061 ## GoogleBooks Scenario
19:31:41.065 * Execute <TestCase> of <TestSuite>
19:31:42.246 
Failed Step: Execute <TestCase> of <TestSuite>
19:31:42.246 Specification: specs\GoogleBooks.spec:19
19:31:42.246 Error Message: java.lang.AssertionError: TestCase execution result is 'FAIL'
19:31:42.246 Stacktrace: 
org.junit.Assert.fail(Assert.java:88)
org.junit.Assert.assertTrue(Assert.java:41)
ExecuteSoapUIAnyTestCase.executeSpecificTestCase(ExecuteSoapUIAnyTestCase.java:60)
sun.reflect.NativeMethodAccessorImpl.invoke0(Native Method)
sun.reflect.NativeMethodAccessorImpl.invoke(NativeMethodAccessorImpl.java:62)
sun.reflect.DelegatingMethodAccessorImpl.invoke(DelegatingMethodAccessorImpl.java:43)
java.lang.reflect.Method.invoke(Method.java:498)
com.thoughtworks.gauge.execution.MethodExecutor.execute(MethodExecutor.java:38)
com.thoughtworks.gauge.execution.StepExecutionStage.executeStepMethod(StepExecutionStage.java:130)
com.thoughtworks.gauge.execution.StepExecutionStage.executeStep(StepExecutionStage.java:86)
com.thoughtworks.gauge.execution.StepExecutionStage.execute(StepExecutionStage.java:67)
com.thoughtworks.gauge.execution.AbstractExecutionStage.executeNext(AbstractExecutionStage.java:24)
com.thoughtworks.gauge.execution.HookExecutionStage.execute(HookExecutionStage.java:43)
com.thoughtworks.gauge.execution.ExecutionPipeline.start(ExecutionPipeline.java:29)
com.thoughtworks.gauge.processor.ExecuteStepProcessor.process(ExecuteStepProcessor.java:39)
com.thoughtworks.gauge.connection.MessageDispatcher.dispatchMessages(MessageDispatcher.java:89)
com.thoughtworks.gauge.GaugeRuntime.dispatchMessages(GaugeRuntime.java:104)
com.thoughtworks.gauge.GaugeRuntime.access$100(GaugeRuntime.java:36)
com.thoughtworks.gauge.GaugeRuntime$2.run(GaugeRuntime.java:85)
java.lang.Thread.run(Thread.java:745)
19:31:42.455 Plugin [Html Report] with pid [5508] has exited
19:31:42.855 Specifications:	1 executed	0 passed	1 failed	0 skipped
19:31:42.855 Scenarios:	1 executed	0 passed	1 failed	0 skipped
19:31:42.855 
Total time taken: 8.323s
19:31:42.855 Updates are available. Run gauge --check-updates for more info.
19:40:30.041 Checking updates...
19:40:37.657 # GoogleBooks Specification
19:40:37.660 
     |TestCase                                              |TestSuite      |
     |------------------------------------------------------|---------------|
     |Validate that the user picks the correct book TestCase|Books TestSuite|
19:40:37.660 ## GoogleBooks Scenario
19:40:37.663 * Execute <TestCase> of <TestSuite>
19:40:43.740 
     |TestCase                                                             |TestSuite      |
     |---------------------------------------------------------------------|---------------|
     |Validate that the user doesn't get any book for invalid isbn TestCase|Books TestSuite|
19:40:43.740 ## GoogleBooks Scenario
19:40:43.742 * Execute <TestCase> of <TestSuite>
19:40:44.526 
     |TestCase                                                        |TestSuite      |
     |----------------------------------------------------------------|---------------|
     |Validate that the user gets an error for the null query TestCase|Books TestSuite|
19:40:44.526 ## GoogleBooks Scenario
19:40:44.531 * Execute <TestCase> of <TestSuite>
19:40:45.478 
Failed Step: Execute <TestCase> of <TestSuite>
19:40:45.478 Specification: specs\GoogleBooks.spec:19
19:40:45.478 Error Message: java.lang.AssertionError: TestCase execution result is 'FAIL'
19:40:45.478 Stacktrace: 
org.junit.Assert.fail(Assert.java:88)
org.junit.Assert.assertTrue(Assert.java:41)
ExecuteSoapUIAnyTestCase.executeSpecificTestCase(ExecuteSoapUIAnyTestCase.java:60)
sun.reflect.NativeMethodAccessorImpl.invoke0(Native Method)
sun.reflect.NativeMethodAccessorImpl.invoke(NativeMethodAccessorImpl.java:62)
sun.reflect.DelegatingMethodAccessorImpl.invoke(DelegatingMethodAccessorImpl.java:43)
java.lang.reflect.Method.invoke(Method.java:498)
com.thoughtworks.gauge.execution.MethodExecutor.execute(MethodExecutor.java:38)
com.thoughtworks.gauge.execution.StepExecutionStage.executeStepMethod(StepExecutionStage.java:130)
com.thoughtworks.gauge.execution.StepExecutionStage.executeStep(StepExecutionStage.java:86)
com.thoughtworks.gauge.execution.StepExecutionStage.execute(StepExecutionStage.java:67)
com.thoughtworks.gauge.execution.AbstractExecutionStage.executeNext(AbstractExecutionStage.java:24)
com.thoughtworks.gauge.execution.HookExecutionStage.execute(HookExecutionStage.java:43)
com.thoughtworks.gauge.execution.ExecutionPipeline.start(ExecutionPipeline.java:29)
com.thoughtworks.gauge.processor.ExecuteStepProcessor.process(ExecuteStepProcessor.java:39)
com.thoughtworks.gauge.connection.MessageDispatcher.dispatchMessages(MessageDispatcher.java:89)
com.thoughtworks.gauge.GaugeRuntime.dispatchMessages(GaugeRuntime.java:104)
com.thoughtworks.gauge.GaugeRuntime.access$100(GaugeRuntime.java:36)
com.thoughtworks.gauge.GaugeRuntime$2.run(GaugeRuntime.java:85)
java.lang.Thread.run(Thread.java:745)
19:40:45.695 Plugin [Html Report] with pid [4964] has exited
19:40:45.996 Specifications:	1 executed	0 passed	1 failed	0 skipped
19:40:45.996 Scenarios:	1 executed	0 passed	1 failed	0 skipped
19:40:45.996 
Total time taken: 7.879s
19:40:45.996 Updates are available. Run gauge --check-updates for more info.
21:35:39.991 Got a kill message. Killing runner.
21:35:43.999 Killing runner with PID:3172 forcefully
21:36:06.961 Checking updates...
21:36:14.514 # GoogleBooks Specification
21:36:14.519 
     |TestCase                                              |TestSuite      |
     |------------------------------------------------------|---------------|
     |Validate that the user picks the correct book TestCase|Books TestSuite|
21:36:14.519 ## GoogleBooks Scenario
21:36:14.522 * Execute <TestCase> of <TestSuite>
21:36:21.138 
     |TestCase                                                             |TestSuite      |
     |---------------------------------------------------------------------|---------------|
     |Validate that the user doesn't get any book for invalid isbn TestCase|Books TestSuite|
21:36:21.138 ## GoogleBooks Scenario
21:36:21.140 * Execute <TestCase> of <TestSuite>
21:36:21.897 
     |TestCase                                                        |TestSuite      |
     |----------------------------------------------------------------|---------------|
     |Validate that the user gets an error for the null query TestCase|Books TestSuite|
21:36:21.897 ## GoogleBooks Scenario
21:36:21.899 * Execute <TestCase> of <TestSuite>
21:36:22.860 
Failed Step: Execute <TestCase> of <TestSuite>
21:36:22.860 Specification: specs\GoogleBooks.spec:19
21:36:22.860 Error Message: java.lang.AssertionError: TestCase execution result is 'FAIL'
21:36:22.860 Stacktrace: 
org.junit.Assert.fail(Assert.java:88)
org.junit.Assert.assertTrue(Assert.java:41)
ExecuteSoapUIAnyTestCase.executeSpecificTestCase(ExecuteSoapUIAnyTestCase.java:60)
sun.reflect.NativeMethodAccessorImpl.invoke0(Native Method)
sun.reflect.NativeMethodAccessorImpl.invoke(NativeMethodAccessorImpl.java:62)
sun.reflect.DelegatingMethodAccessorImpl.invoke(DelegatingMethodAccessorImpl.java:43)
java.lang.reflect.Method.invoke(Method.java:498)
com.thoughtworks.gauge.execution.MethodExecutor.execute(MethodExecutor.java:38)
com.thoughtworks.gauge.execution.StepExecutionStage.executeStepMethod(StepExecutionStage.java:130)
com.thoughtworks.gauge.execution.StepExecutionStage.executeStep(StepExecutionStage.java:86)
com.thoughtworks.gauge.execution.StepExecutionStage.execute(StepExecutionStage.java:67)
com.thoughtworks.gauge.execution.AbstractExecutionStage.executeNext(AbstractExecutionStage.java:24)
com.thoughtworks.gauge.execution.HookExecutionStage.execute(HookExecutionStage.java:43)
com.thoughtworks.gauge.execution.ExecutionPipeline.start(ExecutionPipeline.java:29)
com.thoughtworks.gauge.processor.ExecuteStepProcessor.process(ExecuteStepProcessor.java:39)
com.thoughtworks.gauge.connection.MessageDispatcher.dispatchMessages(MessageDispatcher.java:89)
com.thoughtworks.gauge.GaugeRuntime.dispatchMessages(GaugeRuntime.java:104)
com.thoughtworks.gauge.GaugeRuntime.access$100(GaugeRuntime.java:36)
com.thoughtworks.gauge.GaugeRuntime$2.run(GaugeRuntime.java:85)
java.lang.Thread.run(Thread.java:745)
21:36:23.073 Plugin [Html Report] with pid [684] has exited
21:36:23.574 Specifications:	1 executed	0 passed	1 failed	0 skipped
21:36:23.574 Scenarios:	1 executed	0 passed	1 failed	0 skipped
21:36:23.574 
Total time taken: 8.406s
21:36:23.574 Updates are available. Run gauge --check-updates for more info.
21:25:38.494 Got a kill message. Killing runner.
21:25:42.565 Killing runner with PID:9288 forcefully
21:30:49.780 Checking updates...
21:30:56.346 # GoogleBooks Specification
21:30:56.376 
     |TestCase                                              |TestSuite      |
     |------------------------------------------------------|---------------|
     |Validate that the user picks the correct book TestCase|Books TestSuite|
21:30:56.376 ## GoogleBooks Scenario
21:30:56.376 * Execute <TestCase> of <TestSuite>
21:31:08.552 
     |TestCase                                                             |TestSuite      |
     |---------------------------------------------------------------------|---------------|
     |Validate that the user doesn't get any book for invalid isbn TestCase|Books TestSuite|
21:31:08.552 ## GoogleBooks Scenario
21:31:08.553 * Execute <TestCase> of <TestSuite>
21:31:09.449 
     |TestCase                                                        |TestSuite      |
     |----------------------------------------------------------------|---------------|
     |Validate that the user gets an error for the null query TestCase|Books TestSuite|
21:31:09.449 ## GoogleBooks Scenario
21:31:09.454 * Execute <TestCase> of <TestSuite>
21:31:10.515 
Failed Step: Execute <TestCase> of <TestSuite>
21:31:10.515 Specification: specs\GoogleBooks.spec:19
21:31:10.515 Error Message: java.lang.AssertionError: TestCase execution result is 'FAIL'
21:31:10.515 Stacktrace: 
org.junit.Assert.fail(Assert.java:88)
org.junit.Assert.assertTrue(Assert.java:41)
ExecuteSoapUIAnyTestCase.executeSpecificTestCase(ExecuteSoapUIAnyTestCase.java:60)
sun.reflect.NativeMethodAccessorImpl.invoke0(Native Method)
sun.reflect.NativeMethodAccessorImpl.invoke(NativeMethodAccessorImpl.java:62)
sun.reflect.DelegatingMethodAccessorImpl.invoke(DelegatingMethodAccessorImpl.java:43)
java.lang.reflect.Method.invoke(Method.java:498)
com.thoughtworks.gauge.execution.MethodExecutor.execute(MethodExecutor.java:38)
com.thoughtworks.gauge.execution.StepExecutionStage.executeStepMethod(StepExecutionStage.java:130)
com.thoughtworks.gauge.execution.StepExecutionStage.executeStep(StepExecutionStage.java:86)
com.thoughtworks.gauge.execution.StepExecutionStage.execute(StepExecutionStage.java:67)
com.thoughtworks.gauge.execution.AbstractExecutionStage.executeNext(AbstractExecutionStage.java:24)
com.thoughtworks.gauge.execution.HookExecutionStage.execute(HookExecutionStage.java:43)
com.thoughtworks.gauge.execution.ExecutionPipeline.start(ExecutionPipeline.java:29)
com.thoughtworks.gauge.processor.ExecuteStepProcessor.process(ExecuteStepProcessor.java:39)
com.thoughtworks.gauge.connection.MessageDispatcher.dispatchMessages(MessageDispatcher.java:89)
com.thoughtworks.gauge.GaugeRuntime.dispatchMessages(GaugeRuntime.java:104)
com.thoughtworks.gauge.GaugeRuntime.access$100(GaugeRuntime.java:36)
com.thoughtworks.gauge.GaugeRuntime$2.run(GaugeRuntime.java:85)
java.lang.Thread.run(Thread.java:745)
21:31:10.913 Plugin [Html Report] with pid [2968] has exited
21:31:11.313 Specifications:	1 executed	0 passed	1 failed	0 skipped
21:31:11.313 Scenarios:	1 executed	0 passed	1 failed	0 skipped
21:31:11.313 
Total time taken: 14.402s
21:31:11.330 Updates are available. Run gauge --check-updates for more info.
21:44:19.258 Got a kill message. Killing runner.
21:44:23.551 Killing runner with PID:4300 forcefully
21:46:19.265 Got a kill message. Killing runner.
21:46:23.271 Killing runner with PID:2844 forcefully
21:46:47.543 Checking updates...
21:46:56.698 # GoogleBooks Specification
21:46:56.703 
     |TestCase                                              |TestSuite      |
     |------------------------------------------------------|---------------|
     |Validate that the user picks the correct book TestCase|Books TestSuite|
21:46:56.703 ## GoogleBooks Scenario
21:46:56.707 * Execute <TestCase> of <TestSuite>
21:47:03.418 
     |TestCase                                                             |TestSuite      |
     |---------------------------------------------------------------------|---------------|
     |Validate that the user doesn't get any book for invalid isbn TestCase|Books TestSuite|
21:47:03.418 ## GoogleBooks Scenario
21:47:03.420 * Execute <TestCase> of <TestSuite>
21:47:04.175 
     |TestCase                                                        |TestSuite      |
     |----------------------------------------------------------------|---------------|
     |Validate that the user gets an error for the null query TestCase|Books TestSuite|
21:47:04.175 ## GoogleBooks Scenario
21:47:04.176 * Execute <TestCase> of <TestSuite>
21:47:05.285 
Failed Step: Execute <TestCase> of <TestSuite>
21:47:05.286 Specification: specs\GoogleBooks.spec:19
21:47:05.286 Error Message: java.lang.AssertionError: TestCase execution result is 'FAIL'
21:47:05.286 Stacktrace: 
org.junit.Assert.fail(Assert.java:88)
org.junit.Assert.assertTrue(Assert.java:41)
ExecuteSoapUIAnyTestCase.executeSpecificTestCase(ExecuteSoapUIAnyTestCase.java:60)
sun.reflect.NativeMethodAccessorImpl.invoke0(Native Method)
sun.reflect.NativeMethodAccessorImpl.invoke(NativeMethodAccessorImpl.java:62)
sun.reflect.DelegatingMethodAccessorImpl.invoke(DelegatingMethodAccessorImpl.java:43)
java.lang.reflect.Method.invoke(Method.java:498)
com.thoughtworks.gauge.execution.MethodExecutor.execute(MethodExecutor.java:38)
com.thoughtworks.gauge.execution.StepExecutionStage.executeStepMethod(StepExecutionStage.java:130)
com.thoughtworks.gauge.execution.StepExecutionStage.executeStep(StepExecutionStage.java:86)
com.thoughtworks.gauge.execution.StepExecutionStage.execute(StepExecutionStage.java:67)
com.thoughtworks.gauge.execution.AbstractExecutionStage.executeNext(AbstractExecutionStage.java:24)
com.thoughtworks.gauge.execution.HookExecutionStage.execute(HookExecutionStage.java:43)
com.thoughtworks.gauge.execution.ExecutionPipeline.start(ExecutionPipeline.java:29)
com.thoughtworks.gauge.processor.ExecuteStepProcessor.process(ExecuteStepProcessor.java:39)
com.thoughtworks.gauge.connection.MessageDispatcher.dispatchMessages(MessageDispatcher.java:89)
com.thoughtworks.gauge.GaugeRuntime.dispatchMessages(GaugeRuntime.java:104)
com.thoughtworks.gauge.GaugeRuntime.access$100(GaugeRuntime.java:36)
com.thoughtworks.gauge.GaugeRuntime$2.run(GaugeRuntime.java:85)
java.lang.Thread.run(Thread.java:745)
21:47:05.422 Plugin [Html Report] with pid [5256] has exited
21:47:05.727 Specifications:	1 executed	0 passed	1 failed	0 skipped
21:47:05.727 Scenarios:	1 executed	0 passed	1 failed	0 skipped
21:47:05.727 
Total time taken: 8.655s
21:47:05.727 Updates are available. Run gauge --check-updates for more info.
19:44:34.839 Checking updates...
19:44:42.879 # GoogleBooks Specification
19:44:42.882 
     |TestCase                                              |TestSuite      |
     |------------------------------------------------------|---------------|
     |Validate that the user picks the correct book TestCase|Books TestSuite|
19:44:42.883 ## GoogleBooks Scenario
19:44:42.886 * Execute <TestCase> of <TestSuite>
19:44:49.340 
     |TestCase                                                             |TestSuite      |
     |---------------------------------------------------------------------|---------------|
     |Validate that the user doesn't get any book for invalid isbn TestCase|Books TestSuite|
19:44:49.340 ## GoogleBooks Scenario
19:44:49.341 * Execute <TestCase> of <TestSuite>
19:44:50.124 
     |TestCase                                                        |TestSuite      |
     |----------------------------------------------------------------|---------------|
     |Validate that the user gets an error for the null query TestCase|Books TestSuite|
19:44:50.124 ## GoogleBooks Scenario
19:44:50.127 * Execute <TestCase> of <TestSuite>
19:44:51.172 
Failed Step: Execute <TestCase> of <TestSuite>
19:44:51.172 Specification: specs\GoogleBooks.spec:19
19:44:51.172 Error Message: java.lang.AssertionError: TestCase execution result is 'FAIL'
19:44:51.172 Stacktrace: 
org.junit.Assert.fail(Assert.java:88)
org.junit.Assert.assertTrue(Assert.java:41)
ExecuteSoapUIAnyTestCase.executeSpecificTestCase(ExecuteSoapUIAnyTestCase.java:59)
sun.reflect.NativeMethodAccessorImpl.invoke0(Native Method)
sun.reflect.NativeMethodAccessorImpl.invoke(NativeMethodAccessorImpl.java:62)
sun.reflect.DelegatingMethodAccessorImpl.invoke(DelegatingMethodAccessorImpl.java:43)
java.lang.reflect.Method.invoke(Method.java:498)
com.thoughtworks.gauge.execution.MethodExecutor.execute(MethodExecutor.java:38)
com.thoughtworks.gauge.execution.StepExecutionStage.executeStepMethod(StepExecutionStage.java:130)
com.thoughtworks.gauge.execution.StepExecutionStage.executeStep(StepExecutionStage.java:86)
com.thoughtworks.gauge.execution.StepExecutionStage.execute(StepExecutionStage.java:67)
com.thoughtworks.gauge.execution.AbstractExecutionStage.executeNext(AbstractExecutionStage.java:24)
com.thoughtworks.gauge.execution.HookExecutionStage.execute(HookExecutionStage.java:43)
com.thoughtworks.gauge.execution.ExecutionPipeline.start(ExecutionPipeline.java:29)
com.thoughtworks.gauge.processor.ExecuteStepProcessor.process(ExecuteStepProcessor.java:39)
com.thoughtworks.gauge.connection.MessageDispatcher.dispatchMessages(MessageDispatcher.java:89)
com.thoughtworks.gauge.GaugeRuntime.dispatchMessages(GaugeRuntime.java:104)
com.thoughtworks.gauge.GaugeRuntime.access$100(GaugeRuntime.java:36)
com.thoughtworks.gauge.GaugeRuntime$2.run(GaugeRuntime.java:85)
java.lang.Thread.run(Thread.java:745)
19:44:51.281 Plugin [Html Report] with pid [10900] has exited
19:44:51.582 Specifications:	1 executed	0 passed	1 failed	0 skipped
19:44:51.582 Scenarios:	1 executed	0 passed	1 failed	0 skipped
19:44:51.582 
Total time taken: 8.353s
19:44:51.582 Updates are available. Run gauge --check-updates for more info.
19:46:20.453 Checking updates...
19:46:28.242 # GoogleBooks Specification
19:46:28.247 
     |TestCase                                              |TestSuite      |
     |------------------------------------------------------|---------------|
     |Validate that the user picks the correct book TestCase|Books TestSuite|
19:46:28.247 ## GoogleBooks Scenario
19:46:28.253 * Execute <TestCase> of <TestSuite>
19:46:35.487 
     |TestCase                                                             |TestSuite      |
     |---------------------------------------------------------------------|---------------|
     |Validate that the user doesn't get any book for invalid isbn TestCase|Books TestSuite|
19:46:35.487 ## GoogleBooks Scenario
19:46:35.488 * Execute <TestCase> of <TestSuite>
19:46:36.281 
     |TestCase                                                        |TestSuite      |
     |----------------------------------------------------------------|---------------|
     |Validate that the user gets an error for the null query TestCase|Books TestSuite|
19:46:36.281 ## GoogleBooks Scenario
19:46:36.282 * Execute <TestCase> of <TestSuite>
19:46:37.340 
Failed Step: Execute <TestCase> of <TestSuite>
19:46:37.340 Specification: specs\GoogleBooks.spec:19
19:46:37.340 Error Message: java.lang.AssertionError: TestCase execution result is 'FAIL'
19:46:37.340 Stacktrace: 
org.junit.Assert.fail(Assert.java:88)
org.junit.Assert.assertTrue(Assert.java:41)
ExecuteSoapUIAnyTestCase.executeSpecificTestCase(ExecuteSoapUIAnyTestCase.java:59)
sun.reflect.NativeMethodAccessorImpl.invoke0(Native Method)
sun.reflect.NativeMethodAccessorImpl.invoke(NativeMethodAccessorImpl.java:62)
sun.reflect.DelegatingMethodAccessorImpl.invoke(DelegatingMethodAccessorImpl.java:43)
java.lang.reflect.Method.invoke(Method.java:498)
com.thoughtworks.gauge.execution.MethodExecutor.execute(MethodExecutor.java:38)
com.thoughtworks.gauge.execution.StepExecutionStage.executeStepMethod(StepExecutionStage.java:130)
com.thoughtworks.gauge.execution.StepExecutionStage.executeStep(StepExecutionStage.java:86)
com.thoughtworks.gauge.execution.StepExecutionStage.execute(StepExecutionStage.java:67)
com.thoughtworks.gauge.execution.AbstractExecutionStage.executeNext(AbstractExecutionStage.java:24)
com.thoughtworks.gauge.execution.HookExecutionStage.execute(HookExecutionStage.java:43)
com.thoughtworks.gauge.execution.ExecutionPipeline.start(ExecutionPipeline.java:29)
com.thoughtworks.gauge.processor.ExecuteStepProcessor.process(ExecuteStepProcessor.java:39)
com.thoughtworks.gauge.connection.MessageDispatcher.dispatchMessages(MessageDispatcher.java:89)
com.thoughtworks.gauge.GaugeRuntime.dispatchMessages(GaugeRuntime.java:104)
com.thoughtworks.gauge.GaugeRuntime.access$100(GaugeRuntime.java:36)
com.thoughtworks.gauge.GaugeRuntime$2.run(GaugeRuntime.java:85)
java.lang.Thread.run(Thread.java:745)
19:46:37.449 Plugin [Html Report] with pid [10344] has exited
19:46:37.751 Specifications:	1 executed	0 passed	1 failed	0 skipped
19:46:37.751 Scenarios:	1 executed	0 passed	1 failed	0 skipped
19:46:37.751 
Total time taken: 9.179s
19:46:37.751 Updates are available. Run gauge --check-updates for more info.
19:50:57.773 Checking updates...
19:51:06.269 # GoogleBooks Specification
19:51:06.274 
     |TestCase                                              |TestSuite      |
     |------------------------------------------------------|---------------|
     |Validate that the user picks the correct book TestCase|Books TestSuite|
19:51:06.274 ## GoogleBooks Scenario
19:51:06.278 * Execute <TestCase> of <TestSuite>
19:51:13.582 
     |TestCase                                                             |TestSuite      |
     |---------------------------------------------------------------------|---------------|
     |Validate that the user doesn't get any book for invalid isbn TestCase|Books TestSuite|
19:51:13.582 ## GoogleBooks Scenario
19:51:13.583 * Execute <TestCase> of <TestSuite>
19:51:14.344 
     |TestCase                                                        |TestSuite      |
     |----------------------------------------------------------------|---------------|
     |Validate that the user gets an error for the null query TestCase|Books TestSuite|
19:51:14.344 ## GoogleBooks Scenario
19:51:14.346 * Execute <TestCase> of <TestSuite>
19:51:15.358 
Failed Step: Execute <TestCase> of <TestSuite>
19:51:15.358 Specification: specs\GoogleBooks.spec:19
19:51:15.358 Error Message: java.lang.AssertionError: TestCase execution result is 'FAIL'
19:51:15.359 Stacktrace: 
org.junit.Assert.fail(Assert.java:88)
org.junit.Assert.assertTrue(Assert.java:41)
ExecuteSoapUIAnyTestCase.executeSpecificTestCase(ExecuteSoapUIAnyTestCase.java:59)
sun.reflect.NativeMethodAccessorImpl.invoke0(Native Method)
sun.reflect.NativeMethodAccessorImpl.invoke(NativeMethodAccessorImpl.java:62)
sun.reflect.DelegatingMethodAccessorImpl.invoke(DelegatingMethodAccessorImpl.java:43)
java.lang.reflect.Method.invoke(Method.java:498)
com.thoughtworks.gauge.execution.MethodExecutor.execute(MethodExecutor.java:38)
com.thoughtworks.gauge.execution.StepExecutionStage.executeStepMethod(StepExecutionStage.java:130)
com.thoughtworks.gauge.execution.StepExecutionStage.executeStep(StepExecutionStage.java:86)
com.thoughtworks.gauge.execution.StepExecutionStage.execute(StepExecutionStage.java:67)
com.thoughtworks.gauge.execution.AbstractExecutionStage.executeNext(AbstractExecutionStage.java:24)
com.thoughtworks.gauge.execution.HookExecutionStage.execute(HookExecutionStage.java:43)
com.thoughtworks.gauge.execution.ExecutionPipeline.start(ExecutionPipeline.java:29)
com.thoughtworks.gauge.processor.ExecuteStepProcessor.process(ExecuteStepProcessor.java:39)
com.thoughtworks.gauge.connection.MessageDispatcher.dispatchMessages(MessageDispatcher.java:89)
com.thoughtworks.gauge.GaugeRuntime.dispatchMessages(GaugeRuntime.java:104)
com.thoughtworks.gauge.GaugeRuntime.access$100(GaugeRuntime.java:36)
com.thoughtworks.gauge.GaugeRuntime$2.run(GaugeRuntime.java:85)
java.lang.Thread.run(Thread.java:745)
19:51:15.466 Plugin [Html Report] with pid [7076] has exited
19:51:15.766 Specifications:	1 executed	0 passed	1 failed	0 skipped
19:51:15.766 Scenarios:	1 executed	0 passed	1 failed	0 skipped
19:51:15.766 
Total time taken: 9.162s
19:51:15.766 Updates are available. Run gauge --check-updates for more info.
11:44:49.803 Got a kill message. Killing runner.
11:44:53.927 Killing runner with PID:6500 forcefully
11:45:48.575 Checking updates...
11:45:57.541 # GoogleBooks Specification
11:45:57.551 
     |TestCase                                              |TestSuite      |
     |------------------------------------------------------|---------------|
     |Validate that the user picks the correct book TestCase|Books TestSuite|
11:45:57.551 ## GoogleBooks Scenario
11:45:57.551 * Execute <TestCase> of <TestSuite>
11:46:11.386 
     |TestCase                                                             |TestSuite      |
     |---------------------------------------------------------------------|---------------|
     |Validate that the user doesn't get any book for invalid isbn TestCase|Books TestSuite|
11:46:11.386 ## GoogleBooks Scenario
11:46:11.387 * Execute <TestCase> of <TestSuite>
11:46:12.177 
     |TestCase                                                        |TestSuite      |
     |----------------------------------------------------------------|---------------|
     |Validate that the user gets an error for the null query TestCase|Books TestSuite|
11:46:12.177 ## GoogleBooks Scenario
11:46:12.182 * Execute <TestCase> of <TestSuite>
11:46:13.195 
Failed Step: Execute <TestCase> of <TestSuite>
11:46:13.195 Specification: specs\GoogleBooks.spec:19
11:46:13.195 Error Message: java.lang.AssertionError: TestCase execution result is 'FAIL'
11:46:13.195 Stacktrace: 
org.junit.Assert.fail(Assert.java:88)
org.junit.Assert.assertTrue(Assert.java:41)
ExecuteSoapUIAnyTestCase.executeSpecificTestCase(ExecuteSoapUIAnyTestCase.java:59)
sun.reflect.NativeMethodAccessorImpl.invoke0(Native Method)
sun.reflect.NativeMethodAccessorImpl.invoke(NativeMethodAccessorImpl.java:62)
sun.reflect.DelegatingMethodAccessorImpl.invoke(DelegatingMethodAccessorImpl.java:43)
java.lang.reflect.Method.invoke(Method.java:498)
com.thoughtworks.gauge.execution.MethodExecutor.execute(MethodExecutor.java:38)
com.thoughtworks.gauge.execution.StepExecutionStage.executeStepMethod(StepExecutionStage.java:130)
com.thoughtworks.gauge.execution.StepExecutionStage.executeStep(StepExecutionStage.java:86)
com.thoughtworks.gauge.execution.StepExecutionStage.execute(StepExecutionStage.java:67)
com.thoughtworks.gauge.execution.AbstractExecutionStage.executeNext(AbstractExecutionStage.java:24)
com.thoughtworks.gauge.execution.HookExecutionStage.execute(HookExecutionStage.java:43)
com.thoughtworks.gauge.execution.ExecutionPipeline.start(ExecutionPipeline.java:29)
com.thoughtworks.gauge.processor.ExecuteStepProcessor.process(ExecuteStepProcessor.java:39)
com.thoughtworks.gauge.connection.MessageDispatcher.dispatchMessages(MessageDispatcher.java:89)
com.thoughtworks.gauge.GaugeRuntime.dispatchMessages(GaugeRuntime.java:104)
com.thoughtworks.gauge.GaugeRuntime.access$100(GaugeRuntime.java:36)
com.thoughtworks.gauge.GaugeRuntime$2.run(GaugeRuntime.java:85)
java.lang.Thread.run(Thread.java:745)
11:46:14.929 Plugin [Html Report] with pid [808] has exited
11:46:15.229 Specifications:	1 executed	0 passed	1 failed	0 skipped
11:46:15.229 Scenarios:	1 executed	0 passed	1 failed	0 skipped
11:46:15.229 
Total time taken: 16.09s
11:46:15.250 Updates are available. Run gauge --check-updates for more info.
11:58:48.798 Checking updates...
11:58:56.430 # GoogleBooks Specification
11:58:56.434 
     |TestCase                                              |TestSuite      |
     |------------------------------------------------------|---------------|
     |Validate that the user picks the correct book TestCase|Books TestSuite|
11:58:56.434 ## GoogleBooks Scenario
11:58:56.438 * Execute <TestCase> of <TestSuite>
11:59:03.817 
     |TestCase                                                             |TestSuite      |
     |---------------------------------------------------------------------|---------------|
     |Validate that the user doesn't get any book for invalid isbn TestCase|Books TestSuite|
11:59:03.817 ## GoogleBooks Scenario
11:59:03.818 * Execute <TestCase> of <TestSuite>
11:59:04.633 
     |TestCase                                                        |TestSuite      |
     |----------------------------------------------------------------|---------------|
     |Validate that the user gets an error for the null query TestCase|Books TestSuite|
11:59:04.633 ## GoogleBooks Scenario
11:59:04.636 * Execute <TestCase> of <TestSuite>
11:59:05.599 
Failed Step: Execute <TestCase> of <TestSuite>
11:59:05.599 Specification: specs\GoogleBooks.spec:19
11:59:05.599 Error Message: java.lang.AssertionError: TestCase execution result is 'FAIL'
11:59:05.599 Stacktrace: 
org.junit.Assert.fail(Assert.java:88)
org.junit.Assert.assertTrue(Assert.java:41)
com.maxsoft.restapitestautomator.ExecuteSoapUIAnyTestCase.executeSpecificTestCase(ExecuteSoapUIAnyTestCase.java:58)
sun.reflect.NativeMethodAccessorImpl.invoke0(Native Method)
sun.reflect.NativeMethodAccessorImpl.invoke(NativeMethodAccessorImpl.java:62)
sun.reflect.DelegatingMethodAccessorImpl.invoke(DelegatingMethodAccessorImpl.java:43)
java.lang.reflect.Method.invoke(Method.java:498)
com.thoughtworks.gauge.execution.MethodExecutor.execute(MethodExecutor.java:38)
com.thoughtworks.gauge.execution.StepExecutionStage.executeStepMethod(StepExecutionStage.java:130)
com.thoughtworks.gauge.execution.StepExecutionStage.executeStep(StepExecutionStage.java:86)
com.thoughtworks.gauge.execution.StepExecutionStage.execute(StepExecutionStage.java:67)
com.thoughtworks.gauge.execution.AbstractExecutionStage.executeNext(AbstractExecutionStage.java:24)
com.thoughtworks.gauge.execution.HookExecutionStage.execute(HookExecutionStage.java:43)
com.thoughtworks.gauge.execution.ExecutionPipeline.start(ExecutionPipeline.java:29)
com.thoughtworks.gauge.processor.ExecuteStepProcessor.process(ExecuteStepProcessor.java:39)
com.thoughtworks.gauge.connection.MessageDispatcher.dispatchMessages(MessageDispatcher.java:89)
com.thoughtworks.gauge.GaugeRuntime.dispatchMessages(GaugeRuntime.java:104)
com.thoughtworks.gauge.GaugeRuntime.access$100(GaugeRuntime.java:36)
com.thoughtworks.gauge.GaugeRuntime$2.run(GaugeRuntime.java:85)
java.lang.Thread.run(Thread.java:745)
11:59:05.905 Plugin [Html Report] with pid [8268] has exited
11:59:06.205 Specifications:	1 executed	0 passed	1 failed	0 skipped
11:59:06.205 Scenarios:	1 executed	0 passed	1 failed	0 skipped
11:59:06.205 
Total time taken: 9.459s
11:59:06.205 Updates are available. Run gauge --check-updates for more info.
13:39:36.584 Got a kill message. Killing runner.
13:39:40.689 Killing runner with PID:8056 forcefully
08:57:35.736 Checking updates...
08:57:46.307 # GoogleBooks Specification
08:57:46.311 
     |TestCase                                              |TestSuite      |
     |------------------------------------------------------|---------------|
     |Validate that the user picks the correct book TestCase|Books TestSuite|
08:57:46.311 ## GoogleBooks Scenario
08:57:46.321 * Execute <TestCase> of <TestSuite>
08:58:01.672 
     |TestCase                                                             |TestSuite      |
     |---------------------------------------------------------------------|---------------|
     |Validate that the user doesn't get any book for invalid isbn TestCase|Books TestSuite|
08:58:01.672 ## GoogleBooks Scenario
08:58:01.674 * Execute <TestCase> of <TestSuite>
08:58:02.591 
     |TestCase                                                        |TestSuite      |
     |----------------------------------------------------------------|---------------|
     |Validate that the user gets an error for the null query TestCase|Books TestSuite|
08:58:02.592 ## GoogleBooks Scenario
08:58:02.594 * Execute <TestCase> of <TestSuite>
08:58:03.692 
Failed Step: Execute <TestCase> of <TestSuite>
08:58:03.692 Specification: specs\GoogleBooks.spec:19
08:58:03.692 Error Message: java.lang.AssertionError: TestCase execution result is 'FAIL'
08:58:03.692 Stacktrace: 
org.junit.Assert.fail(Assert.java:88)
org.junit.Assert.assertTrue(Assert.java:41)
com.maxsoft.restapitestautomator.ExecuteSoapUIAnyTestCase.executeSpecificTestCase(ExecuteSoapUIAnyTestCase.java:42)
sun.reflect.NativeMethodAccessorImpl.invoke0(Native Method)
sun.reflect.NativeMethodAccessorImpl.invoke(NativeMethodAccessorImpl.java:62)
sun.reflect.DelegatingMethodAccessorImpl.invoke(DelegatingMethodAccessorImpl.java:43)
java.lang.reflect.Method.invoke(Method.java:498)
com.thoughtworks.gauge.execution.MethodExecutor.execute(MethodExecutor.java:38)
com.thoughtworks.gauge.execution.StepExecutionStage.executeStepMethod(StepExecutionStage.java:130)
com.thoughtworks.gauge.execution.StepExecutionStage.executeStep(StepExecutionStage.java:86)
com.thoughtworks.gauge.execution.StepExecutionStage.execute(StepExecutionStage.java:67)
com.thoughtworks.gauge.execution.AbstractExecutionStage.executeNext(AbstractExecutionStage.java:24)
com.thoughtworks.gauge.execution.HookExecutionStage.execute(HookExecutionStage.java:43)
com.thoughtworks.gauge.execution.ExecutionPipeline.start(ExecutionPipeline.java:29)
com.thoughtworks.gauge.processor.ExecuteStepProcessor.process(ExecuteStepProcessor.java:39)
com.thoughtworks.gauge.connection.MessageDispatcher.dispatchMessages(MessageDispatcher.java:89)
com.thoughtworks.gauge.GaugeRuntime.dispatchMessages(GaugeRuntime.java:104)
com.thoughtworks.gauge.GaugeRuntime.access$100(GaugeRuntime.java:36)
com.thoughtworks.gauge.GaugeRuntime$2.run(GaugeRuntime.java:85)
java.lang.Thread.run(Thread.java:745)
08:58:04.422 Plugin [Html Report] with pid [8124] has exited
08:58:04.722 Specifications:	1 executed	0 passed	1 failed	0 skipped
08:58:04.722 Scenarios:	1 executed	0 passed	1 failed	0 skipped
08:58:04.722 
Total time taken: 17.981s
08:58:04.738 Updates are available. Run gauge --check-updates for more info.
09:03:09.086 Checking updates...
09:03:16.744 # GoogleBooks Specification
09:03:16.748 
     |TestCase                                              |TestSuite      |
     |------------------------------------------------------|---------------|
     |Validate that the user picks the correct book TestCase|Books TestSuite|
09:03:16.748 ## GoogleBooks Scenario
09:03:16.752 * Execute <TestCase> of <TestSuite>
09:03:24.215 
     |TestCase                                                             |TestSuite      |
     |---------------------------------------------------------------------|---------------|
     |Validate that the user doesn't get any book for invalid isbn TestCase|Books TestSuite|
09:03:24.215 ## GoogleBooks Scenario
09:03:24.216 * Execute <TestCase> of <TestSuite>
09:03:25.069 
     |TestCase                                                        |TestSuite      |
     |----------------------------------------------------------------|---------------|
     |Validate that the user gets an error for the null query TestCase|Books TestSuite|
09:03:25.069 ## GoogleBooks Scenario
09:03:25.071 * Execute <TestCase> of <TestSuite>
09:03:26.061 
Failed Step: Execute <TestCase> of <TestSuite>
09:03:26.061 Specification: specs\GoogleBooks.spec:19
09:03:26.061 Error Message: java.lang.AssertionError: TestCase execution result is 'FAIL'
09:03:26.061 Stacktrace: 
org.junit.Assert.fail(Assert.java:88)
org.junit.Assert.assertTrue(Assert.java:41)
com.maxsoft.restapitestautomator.ExecuteSoapUIAnyTestCase.executeSpecificTestCase(ExecuteSoapUIAnyTestCase.java:42)
sun.reflect.NativeMethodAccessorImpl.invoke0(Native Method)
sun.reflect.NativeMethodAccessorImpl.invoke(NativeMethodAccessorImpl.java:62)
sun.reflect.DelegatingMethodAccessorImpl.invoke(DelegatingMethodAccessorImpl.java:43)
java.lang.reflect.Method.invoke(Method.java:498)
com.thoughtworks.gauge.execution.MethodExecutor.execute(MethodExecutor.java:38)
com.thoughtworks.gauge.execution.StepExecutionStage.executeStepMethod(StepExecutionStage.java:130)
com.thoughtworks.gauge.execution.StepExecutionStage.executeStep(StepExecutionStage.java:86)
com.thoughtworks.gauge.execution.StepExecutionStage.execute(StepExecutionStage.java:67)
com.thoughtworks.gauge.execution.AbstractExecutionStage.executeNext(AbstractExecutionStage.java:24)
com.thoughtworks.gauge.execution.HookExecutionStage.execute(HookExecutionStage.java:43)
com.thoughtworks.gauge.execution.ExecutionPipeline.start(ExecutionPipeline.java:29)
com.thoughtworks.gauge.processor.ExecuteStepProcessor.process(ExecuteStepProcessor.java:39)
com.thoughtworks.gauge.connection.MessageDispatcher.dispatchMessages(MessageDispatcher.java:89)
com.thoughtworks.gauge.GaugeRuntime.dispatchMessages(GaugeRuntime.java:104)
com.thoughtworks.gauge.GaugeRuntime.access$100(GaugeRuntime.java:36)
com.thoughtworks.gauge.GaugeRuntime$2.run(GaugeRuntime.java:85)
java.lang.Thread.run(Thread.java:745)
09:03:26.190 Plugin [Html Report] with pid [7004] has exited
09:03:26.508 Specifications:	1 executed	0 passed	1 failed	0 skipped
09:03:26.508 Scenarios:	1 executed	0 passed	1 failed	0 skipped
09:03:26.508 
Total time taken: 9.545s
09:03:26.508 Updates are available. Run gauge --check-updates for more info.
19:16:56.903 Checking updates...
19:17:04.393 # GoogleBooks Specification
19:17:04.397 
     |TestCase                                              |TestSuite      |
     |------------------------------------------------------|---------------|
     |Validate that the user picks the correct book TestCase|Books TestSuite|
19:17:04.397 ## GoogleBooks Scenario
19:17:04.400 * Execute <TestCase> of <TestSuite>
19:17:11.331 
     |TestCase                                                             |TestSuite      |
     |---------------------------------------------------------------------|---------------|
     |Validate that the user doesn't get any book for invalid isbn TestCase|Books TestSuite|
19:17:11.331 ## GoogleBooks Scenario
19:17:11.333 * Execute <TestCase> of <TestSuite>
19:17:12.180 
     |TestCase                                                        |TestSuite      |
     |----------------------------------------------------------------|---------------|
     |Validate that the user gets an error for the null query TestCase|Books TestSuite|
19:17:12.180 ## GoogleBooks Scenario
19:17:12.182 * Execute <TestCase> of <TestSuite>
19:17:13.266 
Failed Step: Execute <TestCase> of <TestSuite>
19:17:13.266 Specification: specs\GoogleBooks.spec:19
19:17:13.266 Error Message: java.lang.AssertionError: TestCase execution result is 'FAIL'
19:17:13.266 Stacktrace: 
org.junit.Assert.fail(Assert.java:88)
org.junit.Assert.assertTrue(Assert.java:41)
com.maxsoft.restapitestautomator.ExecuteSoapUIAnyTestCase.executeSpecificTestCase(ExecuteSoapUIAnyTestCase.java:42)
sun.reflect.NativeMethodAccessorImpl.invoke0(Native Method)
sun.reflect.NativeMethodAccessorImpl.invoke(NativeMethodAccessorImpl.java:62)
sun.reflect.DelegatingMethodAccessorImpl.invoke(DelegatingMethodAccessorImpl.java:43)
java.lang.reflect.Method.invoke(Method.java:498)
com.thoughtworks.gauge.execution.MethodExecutor.execute(MethodExecutor.java:38)
com.thoughtworks.gauge.execution.StepExecutionStage.executeStepMethod(StepExecutionStage.java:130)
com.thoughtworks.gauge.execution.StepExecutionStage.executeStep(StepExecutionStage.java:86)
com.thoughtworks.gauge.execution.StepExecutionStage.execute(StepExecutionStage.java:67)
com.thoughtworks.gauge.execution.AbstractExecutionStage.executeNext(AbstractExecutionStage.java:24)
com.thoughtworks.gauge.execution.HookExecutionStage.execute(HookExecutionStage.java:43)
com.thoughtworks.gauge.execution.ExecutionPipeline.start(ExecutionPipeline.java:29)
com.thoughtworks.gauge.processor.ExecuteStepProcessor.process(ExecuteStepProcessor.java:39)
com.thoughtworks.gauge.connection.MessageDispatcher.dispatchMessages(MessageDispatcher.java:89)
com.thoughtworks.gauge.GaugeRuntime.dispatchMessages(GaugeRuntime.java:104)
com.thoughtworks.gauge.GaugeRuntime.access$100(GaugeRuntime.java:36)
com.thoughtworks.gauge.GaugeRuntime$2.run(GaugeRuntime.java:85)
java.lang.Thread.run(Thread.java:745)
19:17:13.371 Plugin [Html Report] with pid [3268] has exited
19:17:13.671 Specifications:	1 executed	0 passed	1 failed	0 skipped
19:17:13.671 Scenarios:	1 executed	0 passed	1 failed	0 skipped
19:17:13.671 
Total time taken: 9.093s
19:17:13.671 Updates are available. Run gauge --check-updates for more info.
19:20:13.283 Checking updates...
19:20:24.261 # GoogleBooks Specification
19:20:24.266 
     |TestCase                                              |TestSuite      |
     |------------------------------------------------------|---------------|
     |Validate that the user picks the correct book TestCase|Books TestSuite|
19:20:24.266 ## GoogleBooks Scenario
19:20:24.271 * Execute <TestCase> of <TestSuite>
19:20:32.776 
     |TestCase                                                             |TestSuite      |
     |---------------------------------------------------------------------|---------------|
     |Validate that the user doesn't get any book for invalid isbn TestCase|Books TestSuite|
19:20:32.776 ## GoogleBooks Scenario
19:20:32.778 * Execute <TestCase> of <TestSuite>
19:20:33.549 
     |TestCase                                                        |TestSuite      |
     |----------------------------------------------------------------|---------------|
     |Validate that the user gets an error for the null query TestCase|Books TestSuite|
19:20:33.549 ## GoogleBooks Scenario
19:20:33.551 * Execute <TestCase> of <TestSuite>
19:20:34.619 
Failed Step: Execute <TestCase> of <TestSuite>
19:20:34.619 Specification: specs\GoogleBooks.spec:19
19:20:34.619 Error Message: java.lang.AssertionError: TestCase execution result is 'FAIL'
19:20:34.619 Stacktrace: 
org.junit.Assert.fail(Assert.java:88)
org.junit.Assert.assertTrue(Assert.java:41)
com.maxsoft.restapitestautomator.ExecuteSoapUIAnyTestCase.executeSpecificTestCase(ExecuteSoapUIAnyTestCase.java:42)
sun.reflect.NativeMethodAccessorImpl.invoke0(Native Method)
sun.reflect.NativeMethodAccessorImpl.invoke(NativeMethodAccessorImpl.java:62)
sun.reflect.DelegatingMethodAccessorImpl.invoke(DelegatingMethodAccessorImpl.java:43)
java.lang.reflect.Method.invoke(Method.java:498)
com.thoughtworks.gauge.execution.MethodExecutor.execute(MethodExecutor.java:38)
com.thoughtworks.gauge.execution.StepExecutionStage.executeStepMethod(StepExecutionStage.java:130)
com.thoughtworks.gauge.execution.StepExecutionStage.executeStep(StepExecutionStage.java:86)
com.thoughtworks.gauge.execution.StepExecutionStage.execute(StepExecutionStage.java:67)
com.thoughtworks.gauge.execution.AbstractExecutionStage.executeNext(AbstractExecutionStage.java:24)
com.thoughtworks.gauge.execution.HookExecutionStage.execute(HookExecutionStage.java:43)
com.thoughtworks.gauge.execution.ExecutionPipeline.start(ExecutionPipeline.java:29)
com.thoughtworks.gauge.processor.ExecuteStepProcessor.process(ExecuteStepProcessor.java:39)
com.thoughtworks.gauge.connection.MessageDispatcher.dispatchMessages(MessageDispatcher.java:89)
com.thoughtworks.gauge.GaugeRuntime.dispatchMessages(GaugeRuntime.java:104)
com.thoughtworks.gauge.GaugeRuntime.access$100(GaugeRuntime.java:36)
com.thoughtworks.gauge.GaugeRuntime$2.run(GaugeRuntime.java:85)
java.lang.Thread.run(Thread.java:745)
19:20:34.726 Plugin [Html Report] with pid [4392] has exited
19:20:35.026 Specifications:	1 executed	0 passed	1 failed	0 skipped
19:20:35.026 Scenarios:	1 executed	0 passed	1 failed	0 skipped
19:20:35.026 
Total time taken: 10.429s
19:20:35.026 Updates are available. Run gauge --check-updates for more info.
19:22:45.772 Checking updates...
19:22:53.572 # GoogleBooks Specification
19:22:53.577 
     |TestCase                                              |TestSuite      |
     |------------------------------------------------------|---------------|
     |Validate that the user picks the correct book TestCase|Books TestSuite|
19:22:53.577 ## GoogleBooks Scenario
19:22:53.582 * Execute <TestCase> of <TestSuite>
19:23:00.381 
     |TestCase                                                             |TestSuite      |
     |---------------------------------------------------------------------|---------------|
     |Validate that the user doesn't get any book for invalid isbn TestCase|Books TestSuite|
19:23:00.381 ## GoogleBooks Scenario
19:23:00.382 * Execute <TestCase> of <TestSuite>
19:23:01.174 
     |TestCase                                                        |TestSuite      |
     |----------------------------------------------------------------|---------------|
     |Validate that the user gets an error for the null query TestCase|Books TestSuite|
19:23:01.174 ## GoogleBooks Scenario
19:23:01.176 * Execute <TestCase> of <TestSuite>
19:23:02.154 
Failed Step: Execute <TestCase> of <TestSuite>
19:23:02.154 Specification: specs\GoogleBooks.spec:19
19:23:02.154 Error Message: java.lang.AssertionError: TestCase execution result is 'FAIL'
19:23:02.154 Stacktrace: 
org.junit.Assert.fail(Assert.java:88)
org.junit.Assert.assertTrue(Assert.java:41)
com.maxsoft.restapitestautomator.ExecuteSoapUIAnyTestCase.executeSpecificTestCase(ExecuteSoapUIAnyTestCase.java:42)
sun.reflect.NativeMethodAccessorImpl.invoke0(Native Method)
sun.reflect.NativeMethodAccessorImpl.invoke(NativeMethodAccessorImpl.java:62)
sun.reflect.DelegatingMethodAccessorImpl.invoke(DelegatingMethodAccessorImpl.java:43)
java.lang.reflect.Method.invoke(Method.java:498)
com.thoughtworks.gauge.execution.MethodExecutor.execute(MethodExecutor.java:38)
com.thoughtworks.gauge.execution.StepExecutionStage.executeStepMethod(StepExecutionStage.java:130)
com.thoughtworks.gauge.execution.StepExecutionStage.executeStep(StepExecutionStage.java:86)
com.thoughtworks.gauge.execution.StepExecutionStage.execute(StepExecutionStage.java:67)
com.thoughtworks.gauge.execution.AbstractExecutionStage.executeNext(AbstractExecutionStage.java:24)
com.thoughtworks.gauge.execution.HookExecutionStage.execute(HookExecutionStage.java:43)
com.thoughtworks.gauge.execution.ExecutionPipeline.start(ExecutionPipeline.java:29)
com.thoughtworks.gauge.processor.ExecuteStepProcessor.process(ExecuteStepProcessor.java:39)
com.thoughtworks.gauge.connection.MessageDispatcher.dispatchMessages(MessageDispatcher.java:89)
com.thoughtworks.gauge.GaugeRuntime.dispatchMessages(GaugeRuntime.java:104)
com.thoughtworks.gauge.GaugeRuntime.access$100(GaugeRuntime.java:36)
com.thoughtworks.gauge.GaugeRuntime$2.run(GaugeRuntime.java:85)
java.lang.Thread.run(Thread.java:745)
19:23:02.260 Plugin [Html Report] with pid [1348] has exited
19:23:02.560 Specifications:	1 executed	0 passed	1 failed	0 skipped
19:23:02.560 Scenarios:	1 executed	0 passed	1 failed	0 skipped
19:23:02.560 
Total time taken: 8.642s
19:23:02.560 Updates are available. Run gauge --check-updates for more info.
19:24:34.798 Checking updates...
19:24:42.643 # GoogleBooks Specification
19:24:42.647 
     |TestCase                                              |TestSuite      |
     |------------------------------------------------------|---------------|
     |Validate that the user picks the correct book TestCase|Books TestSuite|
19:24:42.647 ## GoogleBooks Scenario
19:24:42.650 * Execute <TestCase> of <TestSuite>
19:24:49.910 
     |TestCase                                                             |TestSuite      |
     |---------------------------------------------------------------------|---------------|
     |Validate that the user doesn't get any book for invalid isbn TestCase|Books TestSuite|
19:24:49.910 ## GoogleBooks Scenario
19:24:49.911 * Execute <TestCase> of <TestSuite>
19:24:50.670 
     |TestCase                                                        |TestSuite      |
     |----------------------------------------------------------------|---------------|
     |Validate that the user gets an error for the null query TestCase|Books TestSuite|
19:24:50.670 ## GoogleBooks Scenario
19:24:50.672 * Execute <TestCase> of <TestSuite>
19:24:51.653 
Failed Step: Execute <TestCase> of <TestSuite>
19:24:51.653 Specification: specs\GoogleBooks.spec:19
19:24:51.653 Error Message: java.lang.AssertionError: TestCase execution result is 'FAIL'
19:24:51.653 Stacktrace: 
org.junit.Assert.fail(Assert.java:88)
org.junit.Assert.assertTrue(Assert.java:41)
com.maxsoft.restapitestautomator.ExecuteSoapUIAnyTestCase.executeSpecificTestCase(ExecuteSoapUIAnyTestCase.java:42)
sun.reflect.NativeMethodAccessorImpl.invoke0(Native Method)
sun.reflect.NativeMethodAccessorImpl.invoke(NativeMethodAccessorImpl.java:62)
sun.reflect.DelegatingMethodAccessorImpl.invoke(DelegatingMethodAccessorImpl.java:43)
java.lang.reflect.Method.invoke(Method.java:498)
com.thoughtworks.gauge.execution.MethodExecutor.execute(MethodExecutor.java:38)
com.thoughtworks.gauge.execution.StepExecutionStage.executeStepMethod(StepExecutionStage.java:130)
com.thoughtworks.gauge.execution.StepExecutionStage.executeStep(StepExecutionStage.java:86)
com.thoughtworks.gauge.execution.StepExecutionStage.execute(StepExecutionStage.java:67)
com.thoughtworks.gauge.execution.AbstractExecutionStage.executeNext(AbstractExecutionStage.java:24)
com.thoughtworks.gauge.execution.HookExecutionStage.execute(HookExecutionStage.java:43)
com.thoughtworks.gauge.execution.ExecutionPipeline.start(ExecutionPipeline.java:29)
com.thoughtworks.gauge.processor.ExecuteStepProcessor.process(ExecuteStepProcessor.java:39)
com.thoughtworks.gauge.connection.MessageDispatcher.dispatchMessages(MessageDispatcher.java:89)
com.thoughtworks.gauge.GaugeRuntime.dispatchMessages(GaugeRuntime.java:104)
com.thoughtworks.gauge.GaugeRuntime.access$100(GaugeRuntime.java:36)
com.thoughtworks.gauge.GaugeRuntime$2.run(GaugeRuntime.java:85)
java.lang.Thread.run(Thread.java:745)
19:24:51.760 Plugin [Html Report] with pid [6228] has exited
19:24:52.061 Specifications:	1 executed	0 passed	1 failed	0 skipped
19:24:52.061 Scenarios:	1 executed	0 passed	1 failed	0 skipped
19:24:52.061 
Total time taken: 9.068s
19:24:52.061 Updates are available. Run gauge --check-updates for more info.
19:26:11.239 Checking updates...
19:26:19.515 # GoogleBooks Specification
19:26:19.519 
     |TestCase                                              |TestSuite      |
     |------------------------------------------------------|---------------|
     |Validate that the user picks the correct book TestCase|Books TestSuite|
19:26:19.520 ## GoogleBooks Scenario
19:26:19.523 * Execute <TestCase> of <TestSuite>
19:26:26.371 
     |TestCase                                                             |TestSuite      |
     |---------------------------------------------------------------------|---------------|
     |Validate that the user doesn't get any book for invalid isbn TestCase|Books TestSuite|
19:26:26.371 ## GoogleBooks Scenario
19:26:26.372 * Execute <TestCase> of <TestSuite>
19:26:27.251 
     |TestCase                                                        |TestSuite      |
     |----------------------------------------------------------------|---------------|
     |Validate that the user gets an error for the null query TestCase|Books TestSuite|
19:26:27.251 ## GoogleBooks Scenario
19:26:27.254 * Execute <TestCase> of <TestSuite>
19:26:28.312 
Failed Step: Execute <TestCase> of <TestSuite>
19:26:28.312 Specification: specs\GoogleBooks.spec:19
19:26:28.312 Error Message: java.lang.AssertionError: TestCase execution result is 'FAIL'
19:26:28.312 Stacktrace: 
org.junit.Assert.fail(Assert.java:88)
org.junit.Assert.assertTrue(Assert.java:41)
com.maxsoft.restapitestautomator.ExecuteSoapUIAnyTestCase.executeSpecificTestCase(ExecuteSoapUIAnyTestCase.java:42)
sun.reflect.NativeMethodAccessorImpl.invoke0(Native Method)
sun.reflect.NativeMethodAccessorImpl.invoke(NativeMethodAccessorImpl.java:62)
sun.reflect.DelegatingMethodAccessorImpl.invoke(DelegatingMethodAccessorImpl.java:43)
java.lang.reflect.Method.invoke(Method.java:498)
com.thoughtworks.gauge.execution.MethodExecutor.execute(MethodExecutor.java:38)
com.thoughtworks.gauge.execution.StepExecutionStage.executeStepMethod(StepExecutionStage.java:130)
com.thoughtworks.gauge.execution.StepExecutionStage.executeStep(StepExecutionStage.java:86)
com.thoughtworks.gauge.execution.StepExecutionStage.execute(StepExecutionStage.java:67)
com.thoughtworks.gauge.execution.AbstractExecutionStage.executeNext(AbstractExecutionStage.java:24)
com.thoughtworks.gauge.execution.HookExecutionStage.execute(HookExecutionStage.java:43)
com.thoughtworks.gauge.execution.ExecutionPipeline.start(ExecutionPipeline.java:29)
com.thoughtworks.gauge.processor.ExecuteStepProcessor.process(ExecuteStepProcessor.java:39)
com.thoughtworks.gauge.connection.MessageDispatcher.dispatchMessages(MessageDispatcher.java:89)
com.thoughtworks.gauge.GaugeRuntime.dispatchMessages(GaugeRuntime.java:104)
com.thoughtworks.gauge.GaugeRuntime.access$100(GaugeRuntime.java:36)
com.thoughtworks.gauge.GaugeRuntime$2.run(GaugeRuntime.java:85)
java.lang.Thread.run(Thread.java:745)
19:26:28.420 Plugin [Html Report] with pid [10300] has exited
19:26:28.721 Specifications:	1 executed	0 passed	1 failed	0 skipped
19:26:28.721 Scenarios:	1 executed	0 passed	1 failed	0 skipped
19:26:28.721 
Total time taken: 8.882s
19:26:28.721 Updates are available. Run gauge --check-updates for more info.
19:27:04.578 Checking updates...
19:27:12.287 # GoogleBooks Specification
19:27:12.291 
     |TestCase                                              |TestSuite      |
     |------------------------------------------------------|---------------|
     |Validate that the user picks the correct book TestCase|Books TestSuite|
19:27:12.292 ## GoogleBooks Scenario
19:27:12.295 * Execute <TestCase> of <TestSuite>
19:27:18.850 
     |TestCase                                                             |TestSuite      |
     |---------------------------------------------------------------------|---------------|
     |Validate that the user doesn't get any book for invalid isbn TestCase|Books TestSuite|
19:27:18.850 ## GoogleBooks Scenario
19:27:18.851 * Execute <TestCase> of <TestSuite>
19:27:19.648 
     |TestCase                                                        |TestSuite      |
     |----------------------------------------------------------------|---------------|
     |Validate that the user gets an error for the null query TestCase|Books TestSuite|
19:27:19.648 ## GoogleBooks Scenario
19:27:19.648 * Execute <TestCase> of <TestSuite>
19:27:20.782 
Failed Step: Execute <TestCase> of <TestSuite>
19:27:20.782 Specification: specs\GoogleBooks.spec:19
19:27:20.782 Error Message: java.lang.AssertionError: TestCase execution result is 'FAIL'
19:27:20.782 Stacktrace: 
org.junit.Assert.fail(Assert.java:88)
org.junit.Assert.assertTrue(Assert.java:41)
com.maxsoft.restapitestautomator.ExecuteSoapUIAnyTestCase.executeSpecificTestCase(ExecuteSoapUIAnyTestCase.java:42)
sun.reflect.NativeMethodAccessorImpl.invoke0(Native Method)
sun.reflect.NativeMethodAccessorImpl.invoke(NativeMethodAccessorImpl.java:62)
sun.reflect.DelegatingMethodAccessorImpl.invoke(DelegatingMethodAccessorImpl.java:43)
java.lang.reflect.Method.invoke(Method.java:498)
com.thoughtworks.gauge.execution.MethodExecutor.execute(MethodExecutor.java:38)
com.thoughtworks.gauge.execution.StepExecutionStage.executeStepMethod(StepExecutionStage.java:130)
com.thoughtworks.gauge.execution.StepExecutionStage.executeStep(StepExecutionStage.java:86)
com.thoughtworks.gauge.execution.StepExecutionStage.execute(StepExecutionStage.java:67)
com.thoughtworks.gauge.execution.AbstractExecutionStage.executeNext(AbstractExecutionStage.java:24)
com.thoughtworks.gauge.execution.HookExecutionStage.execute(HookExecutionStage.java:43)
com.thoughtworks.gauge.execution.ExecutionPipeline.start(ExecutionPipeline.java:29)
com.thoughtworks.gauge.processor.ExecuteStepProcessor.process(ExecuteStepProcessor.java:39)
com.thoughtworks.gauge.connection.MessageDispatcher.dispatchMessages(MessageDispatcher.java:89)
com.thoughtworks.gauge.GaugeRuntime.dispatchMessages(GaugeRuntime.java:104)
com.thoughtworks.gauge.GaugeRuntime.access$100(GaugeRuntime.java:36)
com.thoughtworks.gauge.GaugeRuntime$2.run(GaugeRuntime.java:85)
java.lang.Thread.run(Thread.java:745)
19:27:20.892 Plugin [Html Report] with pid [8724] has exited
19:27:21.192 Specifications:	1 executed	0 passed	1 failed	0 skipped
19:27:21.192 Scenarios:	1 executed	0 passed	1 failed	0 skipped
19:27:21.192 
Total time taken: 8.553s
19:27:21.192 Updates are available. Run gauge --check-updates for more info.
09:48:38.413 Got a kill message. Killing runner.
09:48:42.462 Killing runner with PID:5788 forcefully
10:09:22.078 Checking updates...
10:09:31.338 # GoogleBooks Specification
10:09:31.342 
     |TestCase                                              |TestSuite      |
     |------------------------------------------------------|---------------|
     |Validate that the user picks the correct book TestCase|Books TestSuite|
10:09:31.342 ## GoogleBooks Scenario
10:09:31.345 * Execute <TestCase> of <TestSuite>
10:09:42.405 Error Message: Connection closed [127.0.0.1:23687] cause: read tcp 127.0.0.1:23679->127.0.0.1:23687: wsarecv: An existing connection was forcibly closed by the remote host.
10:09:42.405 Stacktrace: 
10:09:42.405 Error Message: write tcp 127.0.0.1:23679->127.0.0.1:23687: use of closed network connection
10:09:42.405 Stacktrace: 
10:09:42.405 Failed to initialize scenario datastore. Error: write tcp 127.0.0.1:23679->127.0.0.1:23687: use of closed network connection
10:09:42.405 
     |TestCase                                                             |TestSuite      |
     |---------------------------------------------------------------------|---------------|
     |Validate that the user doesn't get any book for invalid isbn TestCase|Books TestSuite|
10:09:42.405 ## GoogleBooks Scenario
10:09:42.405 Error Message: write tcp 127.0.0.1:23679->127.0.0.1:23687: use of closed network connection
10:09:42.405 Stacktrace: 
10:09:42.405 Error Message: write tcp 127.0.0.1:23679->127.0.0.1:23687: use of closed network connection
10:09:42.405 Stacktrace: 
10:09:42.607 Plugin [Html Report] with pid [10484] has exited
10:09:42.607 Specifications:	1 executed	0 passed	1 failed	0 skipped
10:09:42.607 Scenarios:	0 executed	0 passed	1 failed	2 skipped
10:09:42.607 
Total time taken: 11.332s
10:09:42.607 Updates are available. Run gauge --check-updates for more info.
10:13:36.547 Checking updates...
10:13:45.059 # GoogleBooks Specification
10:13:45.064 
     |TestCase                                              |TestSuite      |
     |------------------------------------------------------|---------------|
     |Validate that the user picks the correct book TestCase|Books TestSuite|
10:13:45.064 ## GoogleBooks Scenario
10:13:45.068 * Execute <TestCase> of <TestSuite>
10:13:52.435 
     |TestCase                                                             |TestSuite      |
     |---------------------------------------------------------------------|---------------|
     |Validate that the user doesn't get any book for invalid isbn TestCase|Books TestSuite|
10:13:52.435 ## GoogleBooks Scenario
10:13:52.436 * Execute <TestCase> of <TestSuite>
10:13:53.391 
     |TestCase                                                        |TestSuite      |
     |----------------------------------------------------------------|---------------|
     |Validate that the user gets an error for the null query TestCase|Books TestSuite|
10:13:53.391 ## GoogleBooks Scenario
10:13:53.393 * Execute <TestCase> of <TestSuite>
10:13:54.486 
Failed Step: Execute <TestCase> of <TestSuite>
10:13:54.487 Specification: specs\GoogleBooks.spec:19
10:13:54.487 Error Message: java.lang.AssertionError: TestCase execution result is 'FAIL'
10:13:54.487 Stacktrace: 
org.junit.Assert.fail(Assert.java:88)
org.junit.Assert.assertTrue(Assert.java:41)
com.maxsoft.restapitestautomator.ExecuteSoapUIAnyTestCase.executeSpecificTestCase(ExecuteSoapUIAnyTestCase.java:42)
sun.reflect.NativeMethodAccessorImpl.invoke0(Native Method)
sun.reflect.NativeMethodAccessorImpl.invoke(NativeMethodAccessorImpl.java:62)
sun.reflect.DelegatingMethodAccessorImpl.invoke(DelegatingMethodAccessorImpl.java:43)
java.lang.reflect.Method.invoke(Method.java:498)
com.thoughtworks.gauge.execution.MethodExecutor.execute(MethodExecutor.java:38)
com.thoughtworks.gauge.execution.StepExecutionStage.executeStepMethod(StepExecutionStage.java:130)
com.thoughtworks.gauge.execution.StepExecutionStage.executeStep(StepExecutionStage.java:86)
com.thoughtworks.gauge.execution.StepExecutionStage.execute(StepExecutionStage.java:67)
com.thoughtworks.gauge.execution.AbstractExecutionStage.executeNext(AbstractExecutionStage.java:24)
com.thoughtworks.gauge.execution.HookExecutionStage.execute(HookExecutionStage.java:43)
com.thoughtworks.gauge.execution.ExecutionPipeline.start(ExecutionPipeline.java:29)
com.thoughtworks.gauge.processor.ExecuteStepProcessor.process(ExecuteStepProcessor.java:39)
com.thoughtworks.gauge.connection.MessageDispatcher.dispatchMessages(MessageDispatcher.java:89)
com.thoughtworks.gauge.GaugeRuntime.dispatchMessages(GaugeRuntime.java:104)
com.thoughtworks.gauge.GaugeRuntime.access$100(GaugeRuntime.java:36)
com.thoughtworks.gauge.GaugeRuntime$2.run(GaugeRuntime.java:85)
java.lang.Thread.run(Thread.java:745)
10:13:54.594 Plugin [Html Report] with pid [5800] has exited
10:13:54.894 Specifications:	1 executed	0 passed	1 failed	0 skipped
10:13:54.894 Scenarios:	1 executed	0 passed	1 failed	0 skipped
10:13:54.894 
Total time taken: 9.5s
10:13:54.894 Updates are available. Run gauge --check-updates for more info.
16:35:20.431 Checking updates...
16:35:29.351 # GoogleBooks Specification
16:35:29.356 
     |TestCase                                              |TestSuite      |
     |------------------------------------------------------|---------------|
     |Validate that the user picks the correct book TestCase|Books TestSuite|
16:35:29.356 ## GoogleBooks Scenario
16:35:29.360 * Execute <TestCase> of <TestSuite>
16:35:36.466 
     |TestCase                                                             |TestSuite      |
     |---------------------------------------------------------------------|---------------|
     |Validate that the user doesn't get any book for invalid isbn TestCase|Books TestSuite|
16:35:36.466 ## GoogleBooks Scenario
16:35:36.467 * Execute <TestCase> of <TestSuite>
16:35:37.315 
     |TestCase                                                        |TestSuite      |
     |----------------------------------------------------------------|---------------|
     |Validate that the user gets an error for the null query TestCase|Books TestSuite|
16:35:37.316 ## GoogleBooks Scenario
16:35:37.318 * Execute <TestCase> of <TestSuite>
16:35:38.320 
Failed Step: Execute <TestCase> of <TestSuite>
16:35:38.320 Specification: specs\GoogleBooks.spec:19
16:35:38.320 Error Message: java.lang.AssertionError: TestCase execution result is 'FAIL'
16:35:38.320 Stacktrace: 
org.junit.Assert.fail(Assert.java:88)
org.junit.Assert.assertTrue(Assert.java:41)
com.maxsoft.restapitestautomator.ExecuteSoapUIAnyTestCase.executeSpecificTestCase(ExecuteSoapUIAnyTestCase.java:42)
sun.reflect.NativeMethodAccessorImpl.invoke0(Native Method)
sun.reflect.NativeMethodAccessorImpl.invoke(NativeMethodAccessorImpl.java:62)
sun.reflect.DelegatingMethodAccessorImpl.invoke(DelegatingMethodAccessorImpl.java:43)
java.lang.reflect.Method.invoke(Method.java:498)
com.thoughtworks.gauge.execution.MethodExecutor.execute(MethodExecutor.java:38)
com.thoughtworks.gauge.execution.StepExecutionStage.executeStepMethod(StepExecutionStage.java:130)
com.thoughtworks.gauge.execution.StepExecutionStage.executeStep(StepExecutionStage.java:86)
com.thoughtworks.gauge.execution.StepExecutionStage.execute(StepExecutionStage.java:67)
com.thoughtworks.gauge.execution.AbstractExecutionStage.executeNext(AbstractExecutionStage.java:24)
com.thoughtworks.gauge.execution.HookExecutionStage.execute(HookExecutionStage.java:43)
com.thoughtworks.gauge.execution.ExecutionPipeline.start(ExecutionPipeline.java:29)
com.thoughtworks.gauge.processor.ExecuteStepProcessor.process(ExecuteStepProcessor.java:39)
com.thoughtworks.gauge.connection.MessageDispatcher.dispatchMessages(MessageDispatcher.java:89)
com.thoughtworks.gauge.GaugeRuntime.dispatchMessages(GaugeRuntime.java:104)
com.thoughtworks.gauge.GaugeRuntime.access$100(GaugeRuntime.java:36)
com.thoughtworks.gauge.GaugeRuntime$2.run(GaugeRuntime.java:85)
java.lang.Thread.run(Thread.java:745)
16:35:38.461 Plugin [Html Report] with pid [3860] has exited
16:35:38.762 Specifications:	1 executed	0 passed	1 failed	0 skipped
16:35:38.762 Scenarios:	1 executed	0 passed	1 failed	0 skipped
16:35:38.762 
Total time taken: 9.208s
16:35:38.762 Updates are available. Run gauge --check-updates for more info.
17:02:52.426 Checking updates...
17:03:00.148 # GoogleBooks Specification
17:03:00.152 
     |TestCase                                              |TestSuite      |
     |------------------------------------------------------|---------------|
     |Validate that the user picks the correct book TestCase|Books TestSuite|
17:03:00.152 ## GoogleBooks Scenario
17:03:00.156 * Execute <TestCase> of <TestSuite>
17:03:07.180 
     |TestCase                                                             |TestSuite      |
     |---------------------------------------------------------------------|---------------|
     |Validate that the user doesn't get any book for invalid isbn TestCase|Books TestSuite|
17:03:07.180 ## GoogleBooks Scenario
17:03:07.182 * Execute <TestCase> of <TestSuite>
17:03:07.986 
     |TestCase                                                        |TestSuite      |
     |----------------------------------------------------------------|---------------|
     |Validate that the user gets an error for the null query TestCase|Books TestSuite|
17:03:07.987 ## GoogleBooks Scenario
17:03:07.991 * Execute <TestCase> of <TestSuite>
17:03:09.019 
Failed Step: Execute <TestCase> of <TestSuite>
17:03:09.019 Specification: specs\GoogleBooks.spec:19
17:03:09.019 Error Message: java.lang.AssertionError: TestCase execution result is 'FAIL'
17:03:09.019 Stacktrace: 
org.junit.Assert.fail(Assert.java:88)
org.junit.Assert.assertTrue(Assert.java:41)
com.maxsoft.restapitestautomator.ExecuteSoapUIAnyTestCase.executeSpecificTestCase(ExecuteSoapUIAnyTestCase.java:42)
sun.reflect.NativeMethodAccessorImpl.invoke0(Native Method)
sun.reflect.NativeMethodAccessorImpl.invoke(NativeMethodAccessorImpl.java:62)
sun.reflect.DelegatingMethodAccessorImpl.invoke(DelegatingMethodAccessorImpl.java:43)
java.lang.reflect.Method.invoke(Method.java:498)
com.thoughtworks.gauge.execution.MethodExecutor.execute(MethodExecutor.java:38)
com.thoughtworks.gauge.execution.StepExecutionStage.executeStepMethod(StepExecutionStage.java:130)
com.thoughtworks.gauge.execution.StepExecutionStage.executeStep(StepExecutionStage.java:86)
com.thoughtworks.gauge.execution.StepExecutionStage.execute(StepExecutionStage.java:67)
com.thoughtworks.gauge.execution.AbstractExecutionStage.executeNext(AbstractExecutionStage.java:24)
com.thoughtworks.gauge.execution.HookExecutionStage.execute(HookExecutionStage.java:43)
com.thoughtworks.gauge.execution.ExecutionPipeline.start(ExecutionPipeline.java:29)
com.thoughtworks.gauge.processor.ExecuteStepProcessor.process(ExecuteStepProcessor.java:39)
com.thoughtworks.gauge.connection.MessageDispatcher.dispatchMessages(MessageDispatcher.java:89)
com.thoughtworks.gauge.GaugeRuntime.dispatchMessages(GaugeRuntime.java:104)
com.thoughtworks.gauge.GaugeRuntime.access$100(GaugeRuntime.java:36)
com.thoughtworks.gauge.GaugeRuntime$2.run(GaugeRuntime.java:85)
java.lang.Thread.run(Thread.java:745)
17:03:09.250 Plugin [Html Report] with pid [3812] has exited
17:03:09.550 Specifications:	1 executed	0 passed	1 failed	0 skipped
17:03:09.550 Scenarios:	1 executed	0 passed	1 failed	0 skipped
17:03:09.550 
Total time taken: 8.93s
17:03:09.550 Updates are available. Run gauge --check-updates for more info.
20:06:55.338 Checking updates...
20:07:05.815 # GoogleBooks Specification
20:07:05.825 
     |TestCase                                              |TestSuite      |
     |------------------------------------------------------|---------------|
     |Validate that the user picks the correct book TestCase|Books TestSuite|
20:07:05.825 ## GoogleBooks Scenario
20:07:05.829 * Execute <TestCase> of <TestSuite>
20:07:13.169 
     |TestCase                                                             |TestSuite      |
     |---------------------------------------------------------------------|---------------|
     |Validate that the user doesn't get any book for invalid isbn TestCase|Books TestSuite|
20:07:13.169 ## GoogleBooks Scenario
20:07:13.170 * Execute <TestCase> of <TestSuite>
20:07:14.040 
     |TestCase                                                        |TestSuite      |
     |----------------------------------------------------------------|---------------|
     |Validate that the user gets an error for the null query TestCase|Books TestSuite|
20:07:14.040 ## GoogleBooks Scenario
20:07:14.042 * Execute <TestCase> of <TestSuite>
20:07:15.186 
Failed Step: Execute <TestCase> of <TestSuite>
20:07:15.186 Specification: specs\GoogleBooks.spec:19
20:07:15.186 Error Message: java.lang.AssertionError: TestCase execution result is 'FAIL'
20:07:15.186 Stacktrace: 
org.junit.Assert.fail(Assert.java:88)
org.junit.Assert.assertTrue(Assert.java:41)
com.maxsoft.restapitestautomator.ExecuteSoapUIAnyTestCase.executeSpecificTestCase(ExecuteSoapUIAnyTestCase.java:42)
sun.reflect.NativeMethodAccessorImpl.invoke0(Native Method)
sun.reflect.NativeMethodAccessorImpl.invoke(NativeMethodAccessorImpl.java:62)
sun.reflect.DelegatingMethodAccessorImpl.invoke(DelegatingMethodAccessorImpl.java:43)
java.lang.reflect.Method.invoke(Method.java:498)
com.thoughtworks.gauge.execution.MethodExecutor.execute(MethodExecutor.java:38)
com.thoughtworks.gauge.execution.StepExecutionStage.executeStepMethod(StepExecutionStage.java:130)
com.thoughtworks.gauge.execution.StepExecutionStage.executeStep(StepExecutionStage.java:86)
com.thoughtworks.gauge.execution.StepExecutionStage.execute(StepExecutionStage.java:67)
com.thoughtworks.gauge.execution.AbstractExecutionStage.executeNext(AbstractExecutionStage.java:24)
com.thoughtworks.gauge.execution.HookExecutionStage.execute(HookExecutionStage.java:43)
com.thoughtworks.gauge.execution.ExecutionPipeline.start(ExecutionPipeline.java:29)
com.thoughtworks.gauge.processor.ExecuteStepProcessor.process(ExecuteStepProcessor.java:39)
com.thoughtworks.gauge.connection.MessageDispatcher.dispatchMessages(MessageDispatcher.java:89)
com.thoughtworks.gauge.GaugeRuntime.dispatchMessages(GaugeRuntime.java:104)
com.thoughtworks.gauge.GaugeRuntime.access$100(GaugeRuntime.java:36)
com.thoughtworks.gauge.GaugeRuntime$2.run(GaugeRuntime.java:85)
java.lang.Thread.run(Thread.java:745)
20:07:15.624 Plugin [Html Report] with pid [9084] has exited
20:07:15.925 Specifications:	1 executed	0 passed	1 failed	0 skipped
20:07:15.925 Scenarios:	1 executed	0 passed	1 failed	0 skipped
20:07:15.937 
Total time taken: 9.757s
20:07:15.946 Updates are available. Run gauge --check-updates for more info.
20:21:36.043 Checking updates...
20:21:43.706 # GoogleBooks Specification
20:21:43.711 
     |TestCase                                              |TestSuite      |
     |------------------------------------------------------|---------------|
     |Validate that the user picks the correct book TestCase|Books TestSuite|
20:21:43.711 ## GoogleBooks Scenario
20:21:43.715 * Execute <TestCase> of <TestSuite>
20:21:50.963 
     |TestCase                                                             |TestSuite      |
     |---------------------------------------------------------------------|---------------|
     |Validate that the user doesn't get any book for invalid isbn TestCase|Books TestSuite|
20:21:50.963 ## GoogleBooks Scenario
20:21:50.964 * Execute <TestCase> of <TestSuite>
20:21:51.838 
     |TestCase                                                        |TestSuite      |
     |----------------------------------------------------------------|---------------|
     |Validate that the user gets an error for the null query TestCase|Books TestSuite|
20:21:51.838 ## GoogleBooks Scenario
20:21:51.842 * Execute <TestCase> of <TestSuite>
20:21:52.937 
Failed Step: Execute <TestCase> of <TestSuite>
20:21:52.937 Specification: specs\GoogleBooks.spec:19
20:21:52.937 Error Message: java.lang.AssertionError: TestCase execution result is 'FAIL'
20:21:52.937 Stacktrace: 
org.junit.Assert.fail(Assert.java:88)
org.junit.Assert.assertTrue(Assert.java:41)
com.maxsoft.restapitestautomator.ExecuteSoapUIAnyTestCase.executeSpecificTestCase(ExecuteSoapUIAnyTestCase.java:42)
sun.reflect.NativeMethodAccessorImpl.invoke0(Native Method)
sun.reflect.NativeMethodAccessorImpl.invoke(NativeMethodAccessorImpl.java:62)
sun.reflect.DelegatingMethodAccessorImpl.invoke(DelegatingMethodAccessorImpl.java:43)
java.lang.reflect.Method.invoke(Method.java:498)
com.thoughtworks.gauge.execution.MethodExecutor.execute(MethodExecutor.java:38)
com.thoughtworks.gauge.execution.StepExecutionStage.executeStepMethod(StepExecutionStage.java:130)
com.thoughtworks.gauge.execution.StepExecutionStage.executeStep(StepExecutionStage.java:86)
com.thoughtworks.gauge.execution.StepExecutionStage.execute(StepExecutionStage.java:67)
com.thoughtworks.gauge.execution.AbstractExecutionStage.executeNext(AbstractExecutionStage.java:24)
com.thoughtworks.gauge.execution.HookExecutionStage.execute(HookExecutionStage.java:43)
com.thoughtworks.gauge.execution.ExecutionPipeline.start(ExecutionPipeline.java:29)
com.thoughtworks.gauge.processor.ExecuteStepProcessor.process(ExecuteStepProcessor.java:39)
com.thoughtworks.gauge.connection.MessageDispatcher.dispatchMessages(MessageDispatcher.java:89)
com.thoughtworks.gauge.GaugeRuntime.dispatchMessages(GaugeRuntime.java:104)
com.thoughtworks.gauge.GaugeRuntime.access$100(GaugeRuntime.java:36)
com.thoughtworks.gauge.GaugeRuntime$2.run(GaugeRuntime.java:85)
java.lang.Thread.run(Thread.java:745)
20:21:53.043 Plugin [Html Report] with pid [10772] has exited
20:21:53.343 Specifications:	1 executed	0 passed	1 failed	0 skipped
20:21:53.343 Scenarios:	1 executed	0 passed	1 failed	0 skipped
20:21:53.343 
Total time taken: 9.318s
20:21:53.343 Updates are available. Run gauge --check-updates for more info.
20:25:27.117 Checking updates...
20:25:34.939 # GoogleBooks Specification
20:25:34.944 
     |TestCase                                              |TestSuite      |
     |------------------------------------------------------|---------------|
     |Validate that the user picks the correct book TestCase|Books TestSuite|
20:25:34.944 ## GoogleBooks Scenario
20:25:34.948 * Execute <TestCase> of <TestSuite>
20:25:42.141 
     |TestCase                                                             |TestSuite      |
     |---------------------------------------------------------------------|---------------|
     |Validate that the user doesn't get any book for invalid isbn TestCase|Books TestSuite|
20:25:42.141 ## GoogleBooks Scenario
20:25:42.143 * Execute <TestCase> of <TestSuite>
20:25:43.002 
     |TestCase                                                        |TestSuite      |
     |----------------------------------------------------------------|---------------|
     |Validate that the user gets an error for the null query TestCase|Books TestSuite|
20:25:43.003 ## GoogleBooks Scenario
20:25:43.007 * Execute <TestCase> of <TestSuite>
20:25:44.116 
Failed Step: Execute <TestCase> of <TestSuite>
20:25:44.117 Specification: specs\GoogleBooks.spec:19
20:25:44.117 Error Message: java.lang.AssertionError: TestCase execution result is 'FAIL'
20:25:44.117 Stacktrace: 
org.junit.Assert.fail(Assert.java:88)
org.junit.Assert.assertTrue(Assert.java:41)
com.maxsoft.restapitestautomator.ExecuteSoapUIAnyTestCase.executeSpecificTestCase(ExecuteSoapUIAnyTestCase.java:42)
sun.reflect.NativeMethodAccessorImpl.invoke0(Native Method)
sun.reflect.NativeMethodAccessorImpl.invoke(NativeMethodAccessorImpl.java:62)
sun.reflect.DelegatingMethodAccessorImpl.invoke(DelegatingMethodAccessorImpl.java:43)
java.lang.reflect.Method.invoke(Method.java:498)
com.thoughtworks.gauge.execution.MethodExecutor.execute(MethodExecutor.java:38)
com.thoughtworks.gauge.execution.StepExecutionStage.executeStepMethod(StepExecutionStage.java:130)
com.thoughtworks.gauge.execution.StepExecutionStage.executeStep(StepExecutionStage.java:86)
com.thoughtworks.gauge.execution.StepExecutionStage.execute(StepExecutionStage.java:67)
com.thoughtworks.gauge.execution.AbstractExecutionStage.executeNext(AbstractExecutionStage.java:24)
com.thoughtworks.gauge.execution.HookExecutionStage.execute(HookExecutionStage.java:43)
com.thoughtworks.gauge.execution.ExecutionPipeline.start(ExecutionPipeline.java:29)
com.thoughtworks.gauge.processor.ExecuteStepProcessor.process(ExecuteStepProcessor.java:39)
com.thoughtworks.gauge.connection.MessageDispatcher.dispatchMessages(MessageDispatcher.java:89)
com.thoughtworks.gauge.GaugeRuntime.dispatchMessages(GaugeRuntime.java:104)
com.thoughtworks.gauge.GaugeRuntime.access$100(GaugeRuntime.java:36)
com.thoughtworks.gauge.GaugeRuntime$2.run(GaugeRuntime.java:85)
java.lang.Thread.run(Thread.java:745)
20:25:44.226 Plugin [Html Report] with pid [4472] has exited
20:25:44.526 Specifications:	1 executed	0 passed	1 failed	0 skipped
20:25:44.526 Scenarios:	1 executed	0 passed	1 failed	0 skipped
20:25:44.526 
Total time taken: 9.236s
20:25:44.526 Updates are available. Run gauge --check-updates for more info.
20:35:51.005 Checking updates...
20:35:59.001 # GoogleBooks Specification
20:35:59.006 
     |TestCase                                              |TestSuite      |
     |------------------------------------------------------|---------------|
     |Validate that the user picks the correct book TestCase|Books TestSuite|
20:35:59.006 ## GoogleBooks Scenario
20:35:59.010 * Execute <TestCase> of <TestSuite>
20:36:06.086 
     |TestCase                                                             |TestSuite      |
     |---------------------------------------------------------------------|---------------|
     |Validate that the user doesn't get any book for invalid isbn TestCase|Books TestSuite|
20:36:06.086 ## GoogleBooks Scenario
20:36:06.087 * Execute <TestCase> of <TestSuite>
20:36:06.857 
     |TestCase                                                        |TestSuite      |
     |----------------------------------------------------------------|---------------|
     |Validate that the user gets an error for the null query TestCase|Books TestSuite|
20:36:06.857 ## GoogleBooks Scenario
20:36:06.860 * Execute <TestCase> of <TestSuite>
20:36:07.847 
Failed Step: Execute <TestCase> of <TestSuite>
20:36:07.847 Specification: specs\GoogleBooks.spec:19
20:36:07.847 Error Message: java.lang.AssertionError: TestCase execution result is 'FAIL'
20:36:07.847 Stacktrace: 
org.junit.Assert.fail(Assert.java:88)
org.junit.Assert.assertTrue(Assert.java:41)
com.maxsoft.restapitestautomator.ExecuteSoapUIAnyTestCase.executeSpecificTestCase(ExecuteSoapUIAnyTestCase.java:42)
sun.reflect.NativeMethodAccessorImpl.invoke0(Native Method)
sun.reflect.NativeMethodAccessorImpl.invoke(NativeMethodAccessorImpl.java:62)
sun.reflect.DelegatingMethodAccessorImpl.invoke(DelegatingMethodAccessorImpl.java:43)
java.lang.reflect.Method.invoke(Method.java:498)
com.thoughtworks.gauge.execution.MethodExecutor.execute(MethodExecutor.java:38)
com.thoughtworks.gauge.execution.StepExecutionStage.executeStepMethod(StepExecutionStage.java:130)
com.thoughtworks.gauge.execution.StepExecutionStage.executeStep(StepExecutionStage.java:86)
com.thoughtworks.gauge.execution.StepExecutionStage.execute(StepExecutionStage.java:67)
com.thoughtworks.gauge.execution.AbstractExecutionStage.executeNext(AbstractExecutionStage.java:24)
com.thoughtworks.gauge.execution.HookExecutionStage.execute(HookExecutionStage.java:43)
com.thoughtworks.gauge.execution.ExecutionPipeline.start(ExecutionPipeline.java:29)
com.thoughtworks.gauge.processor.ExecuteStepProcessor.process(ExecuteStepProcessor.java:39)
com.thoughtworks.gauge.connection.MessageDispatcher.dispatchMessages(MessageDispatcher.java:89)
com.thoughtworks.gauge.GaugeRuntime.dispatchMessages(GaugeRuntime.java:104)
com.thoughtworks.gauge.GaugeRuntime.access$100(GaugeRuntime.java:36)
com.thoughtworks.gauge.GaugeRuntime$2.run(GaugeRuntime.java:85)
java.lang.Thread.run(Thread.java:745)
20:36:07.955 Plugin [Html Report] with pid [2088] has exited
20:36:08.255 Specifications:	1 executed	0 passed	1 failed	0 skipped
20:36:08.255 Scenarios:	1 executed	0 passed	1 failed	0 skipped
20:36:08.255 
Total time taken: 8.93s
20:36:08.255 Updates are available. Run gauge --check-updates for more info.
21:25:33.573 Checking updates...
21:25:40.787 # GoogleBooks Specification
21:25:40.791 
     |TestCase                                              |TestSuite      |
     |------------------------------------------------------|---------------|
     |Validate that the user picks the correct book TestCase|Books TestSuite|
21:25:40.791 ## GoogleBooks Scenario
21:25:40.795 * Execute <TestCase> of <TestSuite>
21:25:48.126 
     |TestCase                                                             |TestSuite      |
     |---------------------------------------------------------------------|---------------|
     |Validate that the user doesn't get any book for invalid isbn TestCase|Books TestSuite|
21:25:48.126 ## GoogleBooks Scenario
21:25:48.127 * Execute <TestCase> of <TestSuite>
21:25:49.069 
     |TestCase                                                        |TestSuite      |
     |----------------------------------------------------------------|---------------|
     |Validate that the user gets an error for the null query TestCase|Books TestSuite|
21:25:49.069 ## GoogleBooks Scenario
21:25:49.073 * Execute <TestCase> of <TestSuite>
21:25:50.124 
Failed Step: Execute <TestCase> of <TestSuite>
21:25:50.124 Specification: specs\GoogleBooks.spec:19
21:25:50.124 Error Message: java.lang.AssertionError: TestCase execution result is 'FAIL'
21:25:50.124 Stacktrace: 
org.junit.Assert.fail(Assert.java:88)
org.junit.Assert.assertTrue(Assert.java:41)
com.maxsoft.restapitestautomator.ExecuteSoapUIAnyTestCase.executeSpecificTestCase(ExecuteSoapUIAnyTestCase.java:39)
sun.reflect.NativeMethodAccessorImpl.invoke0(Native Method)
sun.reflect.NativeMethodAccessorImpl.invoke(NativeMethodAccessorImpl.java:62)
sun.reflect.DelegatingMethodAccessorImpl.invoke(DelegatingMethodAccessorImpl.java:43)
java.lang.reflect.Method.invoke(Method.java:498)
com.thoughtworks.gauge.execution.MethodExecutor.execute(MethodExecutor.java:38)
com.thoughtworks.gauge.execution.StepExecutionStage.executeStepMethod(StepExecutionStage.java:130)
com.thoughtworks.gauge.execution.StepExecutionStage.executeStep(StepExecutionStage.java:86)
com.thoughtworks.gauge.execution.StepExecutionStage.execute(StepExecutionStage.java:67)
com.thoughtworks.gauge.execution.AbstractExecutionStage.executeNext(AbstractExecutionStage.java:24)
com.thoughtworks.gauge.execution.HookExecutionStage.execute(HookExecutionStage.java:43)
com.thoughtworks.gauge.execution.ExecutionPipeline.start(ExecutionPipeline.java:29)
com.thoughtworks.gauge.processor.ExecuteStepProcessor.process(ExecuteStepProcessor.java:39)
com.thoughtworks.gauge.connection.MessageDispatcher.dispatchMessages(MessageDispatcher.java:89)
com.thoughtworks.gauge.GaugeRuntime.dispatchMessages(GaugeRuntime.java:104)
com.thoughtworks.gauge.GaugeRuntime.access$100(GaugeRuntime.java:36)
com.thoughtworks.gauge.GaugeRuntime$2.run(GaugeRuntime.java:85)
java.lang.Thread.run(Thread.java:745)
21:25:50.230 Plugin [Html Report] with pid [10136] has exited
21:25:50.530 Specifications:	1 executed	0 passed	1 failed	0 skipped
21:25:50.530 Scenarios:	1 executed	0 passed	1 failed	0 skipped
21:25:50.530 
Total time taken: 9.424s
21:25:50.530 Updates are available. Run gauge --check-updates for more info.
14:16:49.276 Got a kill message. Killing runner.
14:18:02.517 Checking updates...
14:18:09.899 # GoogleBooks Specification
14:18:09.904 
     |TestCase                                              |TestSuite      |
     |------------------------------------------------------|---------------|
     |Validate that the user picks the correct book TestCase|Books TestSuite|
14:18:09.904 ## GoogleBooks Scenario
14:18:09.909 * Execute <TestCase> of <TestSuite>
14:18:22.908 
     |TestCase                                                             |TestSuite      |
     |---------------------------------------------------------------------|---------------|
     |Validate that the user doesn't get any book for invalid isbn TestCase|Books TestSuite|
14:18:22.908 ## GoogleBooks Scenario
14:18:22.911 * Execute <TestCase> of <TestSuite>
14:18:23.799 
     |TestCase                                                        |TestSuite      |
     |----------------------------------------------------------------|---------------|
     |Validate that the user gets an error for the null query TestCase|Books TestSuite|
14:18:23.799 ## GoogleBooks Scenario
14:18:23.815 * Execute <TestCase> of <TestSuite>
14:18:24.953 
Failed Step: Execute <TestCase> of <TestSuite>
14:18:24.953 Specification: specs\GoogleBooks.spec:19
14:18:24.953 Error Message: java.lang.AssertionError: TestCase execution result is 'FAIL'
14:18:24.953 Stacktrace: 
org.junit.Assert.fail(Assert.java:88)
org.junit.Assert.assertTrue(Assert.java:41)
com.maxsoft.restapitestautomator.ExecuteSoapUIAnyTestCase.executeSpecificTestCase(ExecuteSoapUIAnyTestCase.java:39)
sun.reflect.NativeMethodAccessorImpl.invoke0(Native Method)
sun.reflect.NativeMethodAccessorImpl.invoke(NativeMethodAccessorImpl.java:62)
sun.reflect.DelegatingMethodAccessorImpl.invoke(DelegatingMethodAccessorImpl.java:43)
java.lang.reflect.Method.invoke(Method.java:498)
com.thoughtworks.gauge.execution.MethodExecutor.execute(MethodExecutor.java:38)
com.thoughtworks.gauge.execution.StepExecutionStage.executeStepMethod(StepExecutionStage.java:130)
com.thoughtworks.gauge.execution.StepExecutionStage.executeStep(StepExecutionStage.java:86)
com.thoughtworks.gauge.execution.StepExecutionStage.execute(StepExecutionStage.java:67)
com.thoughtworks.gauge.execution.AbstractExecutionStage.executeNext(AbstractExecutionStage.java:24)
com.thoughtworks.gauge.execution.HookExecutionStage.execute(HookExecutionStage.java:43)
com.thoughtworks.gauge.execution.ExecutionPipeline.start(ExecutionPipeline.java:29)
com.thoughtworks.gauge.processor.ExecuteStepProcessor.process(ExecuteStepProcessor.java:39)
com.thoughtworks.gauge.connection.MessageDispatcher.dispatchMessages(MessageDispatcher.java:89)
com.thoughtworks.gauge.GaugeRuntime.dispatchMessages(GaugeRuntime.java:104)
com.thoughtworks.gauge.GaugeRuntime.access$100(GaugeRuntime.java:36)
com.thoughtworks.gauge.GaugeRuntime$2.run(GaugeRuntime.java:85)
java.lang.Thread.run(Thread.java:745)
14:18:25.564 Plugin [Html Report] with pid [5244] has exited
14:18:25.864 Specifications:	1 executed	0 passed	1 failed	0 skipped
14:18:25.864 Scenarios:	1 executed	0 passed	1 failed	0 skipped
14:18:25.864 
Total time taken: 15.134s
14:18:25.864 Updates are available. Run gauge --check-updates for more info.
